<?xml version="1.0" encoding="UTF-8"?>
<testsuite hostname="stbischof-XPS-13-9370" name="test.org.osgi.test.cases.jdbc" target="reference:file:/home/stbischof/.m2/repository/org/osgi/org.osgi.test.cases.jdbc/8.0.0-SNAPSHOT/org.osgi.test.cases.jdbc-8.0.0-SNAPSHOT.jar" timestamp="2022-05-12T19:58:48.753099356" framework="org.eclipse.osgi_3.17.200.v20220215-2237 [0]" framework-version="3.17.200.v20220215-2237" tests="7" failures="4" errors="0" time="0.143">
  <properties>
    <property name="file.encoding" value="UTF-8"/>
    <property name="file.separator" value="/"/>
    <property name="java.class.path" value="/home/stbischof/dev/elipseWs/osgi-compatibility/org.osgi.compatibility/org.osgi.compatibility.jdbc/org.osgi.compatibility.jdbc.mssqlserver/target/test/tmp/testing/tck/cnf/cache/6.2.0/bnd-cache/biz.aQute.launcher/biz.aQute.launcher.pre.jar"/>
    <property name="java.class.version" value="61.0"/>
    <property name="java.home" value="/home/stbischof/dev/jdk/jdk-17.0.2+8_ojdk"/>
    <property name="java.io.tmpdir" value="/tmp"/>
    <property name="java.library.path" value="/usr/java/packages/lib:/usr/lib64:/lib64:/lib:/usr/lib"/>
    <property name="java.runtime.name" value="OpenJDK Runtime Environment"/>
    <property name="java.runtime.version" value="17.0.2+8"/>
    <property name="java.specification.name" value="Java Platform API Specification"/>
    <property name="java.specification.vendor" value="Oracle Corporation"/>
    <property name="java.specification.version" value="17"/>
    <property name="java.vendor" value="Eclipse Adoptium"/>
    <property name="java.vendor.url" value="https://adoptium.net/"/>
    <property name="java.vendor.url.bug" value="https://github.com/adoptium/adoptium-support/issues"/>
    <property name="java.vendor.version" value="Temurin-17.0.2+8"/>
    <property name="java.version" value="17.0.2"/>
    <property name="java.version.date" value="2022-01-18"/>
    <property name="java.vm.compressedOopsMode" value="Zero based"/>
    <property name="java.vm.info" value="mixed mode, sharing"/>
    <property name="java.vm.name" value="OpenJDK 64-Bit Server VM"/>
    <property name="java.vm.specification.name" value="Java Virtual Machine Specification"/>
    <property name="java.vm.specification.vendor" value="Oracle Corporation"/>
    <property name="java.vm.specification.version" value="17"/>
    <property name="java.vm.vendor" value="Eclipse Adoptium"/>
    <property name="java.vm.version" value="17.0.2+8"/>
    <property name="jdk.debug" value="release"/>
    <property name="launch.activation.eager" value="false"/>
    <property name="launch.activators" value=""/>
    <property name="launch.bundles" value="/home/stbischof/.m2/repository/org/assertj/assertj-core/3.20.2/assertj-core-3.20.2.jar,/home/stbischof/.m2/repository/com/microsoft/sqlserver/mssql-jdbc/10.2.0.jre8/mssql-jdbc-10.2.0.jre8.jar,/home/stbischof/.m2/repository/org/apache/servicemix/bundles/org.apache.servicemix.bundles.junit/4.13.2_1/org.apache.servicemix.bundles.junit-4.13.2_1.jar,/home/stbischof/.m2/repository/org/osgi/org.osgi.service.jdbc/1.0.1-SNAPSHOT/org.osgi.service.jdbc-1.0.1-SNAPSHOT.jar,/home/stbischof/.m2/repository/org/osgi/org.osgi.test.cases.jdbc/8.0.0-SNAPSHOT/org.osgi.test.cases.jdbc-8.0.0-SNAPSHOT.jar,/home/stbischof/dev/elipseWs/osgi-compatibility/org.osgi.compatibility/org.osgi.compatibility.jdbc/org.osgi.compatibility.jdbc.mssqlserver/target/test/tmp/testing/tck/cnf/cache/6.2.0/bnd-cache/biz.aQute.tester/biz.aQute.tester-6.2.0.jar"/>
    <property name="launch.embedded" value="false"/>
    <property name="launch.framework.restart" value="false"/>
    <property name="launch.framework.restart.count" value="0"/>
    <property name="launch.keep" value="false"/>
    <property name="launch.name" value="tck.bndrun"/>
    <property name="launch.noreferences" value="false"/>
    <property name="launch.notificationPort" value="-1"/>
    <property name="launch.services" value="true"/>
    <property name="launch.system.packages" value="org.eclipse.core.runtime.adaptor;x-friends:=&quot;org.eclipse.core.runtime&quot;,org.eclipse.core.runtime.internal.adaptor;x-internal:=true,org.eclipse.equinox.log;version=&quot;1.1&quot;;uses:=&quot;org.osgi.framework,org.osgi.service.log&quot;,org.eclipse.osgi.container;version=&quot;1.6&quot;;uses:=&quot;org.eclipse.osgi.report.resolution,  org.osgi.framework.wiring,  org.eclipse.osgi.framework.eventmgr,  org.osgi.framework.startlevel,  org.osgi.framework,  org.osgi.framework.hooks.resolver,  org.osgi.service.resolver,  org.osgi.resource,  org.eclipse.osgi.service.debug&quot;,org.eclipse.osgi.container.builders;version=&quot;1.0&quot;;uses:=&quot;org.eclipse.osgi.util,org.eclipse.osgi.container&quot;,org.eclipse.osgi.container.namespaces;version=&quot;1.0&quot;;uses:=&quot;org.osgi.resource&quot;,org.eclipse.osgi.framework.console;version=&quot;1.1&quot;;uses:=&quot;org.osgi.framework&quot;,org.eclipse.osgi.framework.eventmgr;version=&quot;1.2&quot;,org.eclipse.osgi.framework.internal.reliablefile;x-internal:=true,org.eclipse.osgi.framework.log;version=&quot;1.1&quot;;uses:=&quot;org.osgi.framework&quot;,org.eclipse.osgi.framework.util;x-internal:=true,org.eclipse.osgi.internal.debug;x-internal:=true,org.eclipse.osgi.internal.framework;x-internal:=true,org.eclipse.osgi.internal.hookregistry;x-friends:=&quot;org.eclipse.osgi.tests&quot;,org.eclipse.osgi.internal.loader;x-internal:=true,org.eclipse.osgi.internal.loader.buddy;x-internal:=true,org.eclipse.osgi.internal.loader.classpath;x-internal:=true,org.eclipse.osgi.internal.loader.sources;x-internal:=true,org.eclipse.osgi.internal.location;x-internal:=true,org.eclipse.osgi.internal.messages;x-internal:=true,org.eclipse.osgi.internal.provisional.service.security;version=&quot;1.0.0&quot;;x-friends:=&quot;org.eclipse.equinox.security.ui&quot;,org.eclipse.osgi.internal.provisional.verifier;x-friends:=&quot;org.eclipse.ui.workbench,org.eclipse.equinox.p2.artifact.repository&quot;,org.eclipse.osgi.internal.service.security;x-friends:=&quot;org.eclipse.equinox.security.ui&quot;,org.eclipse.osgi.internal.serviceregistry;x-internal:=true,org.eclipse.osgi.internal.signedcontent;x-internal:=true,org.eclipse.osgi.internal.url;x-internal:=true,org.eclipse.osgi.launch;version=&quot;1.1&quot;;uses:=&quot;org.osgi.framework,org.osgi.framework.launch,org.osgi.framework.connect&quot;,org.eclipse.osgi.report.resolution;version=&quot;1.0&quot;;uses:=&quot;org.osgi.service.resolver,org.osgi.resource&quot;,org.eclipse.osgi.service.datalocation;version=&quot;1.3&quot;,org.eclipse.osgi.service.debug;version=&quot;1.2&quot;,org.eclipse.osgi.service.environment;version=&quot;1.4&quot;,org.eclipse.osgi.service.localization;version=&quot;1.1&quot;;uses:=&quot;org.osgi.framework&quot;,org.eclipse.osgi.service.pluginconversion;version=&quot;1.0&quot;,org.eclipse.osgi.service.resolver;version=&quot;1.6&quot;;uses:=&quot;org.osgi.framework,org.osgi.framework.hooks.resolver,org.osgi.framework.wiring&quot;,org.eclipse.osgi.service.runnable;version=&quot;1.1&quot;,org.eclipse.osgi.service.security;version=&quot;1.0&quot;,org.eclipse.osgi.service.urlconversion;version=&quot;1.0&quot;,org.eclipse.osgi.signedcontent;version=&quot;1.1&quot;;uses:=&quot;org.osgi.framework&quot;,org.eclipse.osgi.storage;x-friends:=&quot;org.eclipse.osgi.tests&quot;,org.eclipse.osgi.storage.bundlefile;x-internal:=true,org.eclipse.osgi.storage.url.reference;x-internal:=true,org.eclipse.osgi.storagemanager;version=&quot;1.0&quot;,org.eclipse.osgi.util;version=&quot;1.1&quot;,org.osgi.dto;version=&quot;1.1.1&quot;,org.osgi.framework;version=&quot;1.10&quot;,org.osgi.framework.connect;version=&quot;1.0&quot;;uses:=&quot;org.osgi.framework.launch&quot;,org.osgi.framework.dto;version=&quot;1.8&quot;;uses:=&quot;org.osgi.dto&quot;,org.osgi.framework.hooks.bundle;version=&quot;1.1&quot;;uses:=&quot;org.osgi.framework&quot;,org.osgi.framework.hooks.resolver;version=&quot;1.0&quot;;uses:=&quot;org.osgi.framework.wiring&quot;,org.osgi.framework.hooks.service;version=&quot;1.1&quot;;uses:=&quot;org.osgi.framework&quot;,org.osgi.framework.hooks.weaving;version=&quot;1.1&quot;;uses:=&quot;org.osgi.framework.wiring&quot;,org.osgi.framework.launch;version=&quot;1.2&quot;;uses:=&quot;org.osgi.framework&quot;,org.osgi.framework.namespace;version=&quot;1.2&quot;;uses:=&quot;org.osgi.resource&quot;,org.osgi.framework.startlevel;version=&quot;1.0&quot;;uses:=&quot;org.osgi.framework&quot;,org.osgi.framework.startlevel.dto;version=&quot;1.0&quot;;uses:=&quot;org.osgi.dto&quot;,org.osgi.framework.wiring;version=&quot;1.2&quot;;uses:=&quot;org.osgi.framework,org.osgi.resource&quot;,org.osgi.framework.wiring.dto;version=&quot;1.3&quot;;uses:=&quot;org.osgi.dto,org.osgi.resource.dto&quot;,org.osgi.resource;version=&quot;1.0.1&quot;,org.osgi.resource.dto;version=&quot;1.0.1&quot;;uses:=&quot;org.osgi.dto&quot;,org.osgi.service.condition;version=&quot;1.0&quot;,org.osgi.service.condpermadmin;version=&quot;1.1.2&quot;;uses:=&quot;org.osgi.framework&quot;,org.osgi.service.log;version=&quot;1.5&quot;;uses:=&quot;org.osgi.framework&quot;,org.osgi.service.log.admin;version=&quot;1.0&quot;;uses:=&quot;org.osgi.service.log&quot;,org.osgi.service.packageadmin;version=&quot;1.2.1&quot;;uses:=&quot;org.osgi.framework&quot;,org.osgi.service.permissionadmin;version=&quot;1.2.1&quot;,org.osgi.service.resolver;version=&quot;1.1.1&quot;;uses:=&quot;org.osgi.resource&quot;,org.osgi.service.startlevel;version=&quot;1.1.1&quot;;uses:=&quot;org.osgi.framework&quot;,org.osgi.service.url;version=&quot;1.0.1&quot;,org.osgi.util.tracker;version=&quot;1.5.3&quot;;uses:=&quot;org.osgi.framework&quot;"/>
    <property name="launch.timeout" value="0"/>
    <property name="launch.trace" value="true"/>
    <property name="launcher.properties" value="/home/stbischof/dev/elipseWs/osgi-compatibility/org.osgi.compatibility/org.osgi.compatibility.jdbc/org.osgi.compatibility.jdbc.mssqlserver/target/test/tmp/testing/tck/generated/launch8230874042701189051.properties"/>
    <property name="launcher.runpath" value="/home/stbischof/.m2/repository/org/eclipse/platform/org.eclipse.osgi/3.17.200/org.eclipse.osgi-3.17.200.jar,/home/stbischof/dev/elipseWs/osgi-compatibility/org.osgi.compatibility/org.osgi.compatibility.jdbc/org.osgi.compatibility.jdbc.mssqlserver/target/test/tmp/testing/tck/cnf/cache/6.2.0/bnd-cache/biz.aQute.launcher/biz.aQute.launcher-6.2.0.jar"/>
    <property name="line.separator" value="
"/>
    <property name="native.encoding" value="UTF-8"/>
    <property name="os.arch" value="amd64"/>
    <property name="os.name" value="Linux"/>
    <property name="os.version" value="5.15.0-27-generic"/>
    <property name="path.separator" value=":"/>
    <property name="report" value="true"/>
    <property name="sun.arch.data.model" value="64"/>
    <property name="sun.boot.library.path" value="/home/stbischof/dev/jdk/jdk-17.0.2+8_ojdk/lib"/>
    <property name="sun.cpu.endian" value="little"/>
    <property name="sun.io.unicode.encoding" value="UnicodeLittle"/>
    <property name="sun.java.command" value="aQute.launcher.pre.EmbeddedLauncher"/>
    <property name="sun.java.launcher" value="SUN_STANDARD"/>
    <property name="sun.jnu.encoding" value="UTF-8"/>
    <property name="sun.management.compiler" value="HotSpot 64-Bit Tiered Compilers"/>
    <property name="tester.continuous" value="false"/>
    <property name="tester.dir" value="/home/stbischof/dev/elipseWs/osgi-compatibility/org.osgi.compatibility/org.osgi.compatibility.jdbc/org.osgi.compatibility.jdbc.mssqlserver/target/test-reports/tck"/>
    <property name="tester.trace" value="true"/>
    <property name="tester.unresolved" value="true"/>
    <property name="user.country" value="US"/>
    <property name="user.dir" value="/home/stbischof/dev/elipseWs/osgi-compatibility/org.osgi.compatibility/org.osgi.compatibility.jdbc/org.osgi.compatibility.jdbc.mssqlserver/target/test/tmp/testing/tck"/>
    <property name="user.home" value="/home/stbischof"/>
    <property name="user.language" value="en"/>
    <property name="user.name" value="stbischof"/>
    <property name="user.timezone" value="Europe/Berlin"/>
  </properties>
  <testcase classname="org.osgi.test.cases.jdbc.junit.JDBCTestCase" name="testRegisteredProperties" time="0.000"/>
  <testcase classname="org.osgi.test.cases.jdbc.junit.JDBCTestCase" name="testCreateConnectionPoolDataSource" time="0.016">
    <failure type="junit.framework.AssertionFailedError" message="Should have gotten a SQLException."><![CDATA[junit.framework.AssertionFailedError: Should have gotten a SQLException.
 at junit.framework.Assert.fail(Assert.java:57)
 at junit.framework.TestCase.fail(TestCase.java:223)
 at org.osgi.test.cases.jdbc.junit.JDBCTestCase.testCreateConnectionPoolDataSource(JDBCTestCase.java:123)
 at java.base/jdk.internal.reflect.NativeMethodAccessorImpl.invoke0(Native Method)
 at java.base/jdk.internal.reflect.NativeMethodAccessorImpl.invoke(NativeMethodAccessorImpl.java:77)
 at java.base/jdk.internal.reflect.DelegatingMethodAccessorImpl.invoke(DelegatingMethodAccessorImpl.java:43)
 at java.base/java.lang.reflect.Method.invoke(Method.java:568)
 at junit.framework.TestCase.runTest(TestCase.java:177)
 at junit.framework.TestCase.runBare(TestCase.java:142)
 at junit.framework.TestResult$1.protect(TestResult.java:122)
 at junit.framework.TestResult.runProtected(TestResult.java:142)
 at junit.framework.TestResult.run(TestResult.java:125)
 at junit.framework.TestCase.run(TestCase.java:130)
 at junit.framework.TestSuite.runTest(TestSuite.java:241)
 at junit.framework.TestSuite.run(TestSuite.java:236)
 at junit.framework.TestSuite.runTest(TestSuite.java:241)
 at junit.framework.TestSuite.run(TestSuite.java:236)
 at aQute.junit.Activator.test(Activator.java:354)
 at aQute.junit.Activator.automatic(Activator.java:266)
 at aQute.junit.Activator.run(Activator.java:188)
 at java.base/java.util.concurrent.Executors$RunnableAdapter.call(Executors.java:539)
 at aQute.launcher.Launcher.launch(Launcher.java:450)
 at aQute.launcher.Launcher.run(Launcher.java:184)
 at aQute.launcher.Launcher.main(Launcher.java:160)
 at aQute.launcher.pre.EmbeddedLauncher.executeWithRunPath(EmbeddedLauncher.java:170)
 at aQute.launcher.pre.EmbeddedLauncher.findAndExecute(EmbeddedLauncher.java:135)
 at aQute.launcher.pre.EmbeddedLauncher.main(EmbeddedLauncher.java:52)
]]>
    </failure>
    <system-err><![CDATA[May 12, 2022 7:58:48 PM com.microsoft.sqlserver.jdbc.osgi.SQLServerDataSourceFactory setup
WARNING: Microsoft JDBC Driver for SQL Server currently does not support the property: dataSourceName
May 12, 2022 7:58:48 PM com.microsoft.sqlserver.jdbc.osgi.SQLServerDataSourceFactory setup
WARNING: Microsoft JDBC Driver for SQL Server currently does not support the property: dataSourceName
]]>
    </system-err>
  </testcase>
  <testcase classname="org.osgi.test.cases.jdbc.junit.JDBCTestCase" name="testCreateXADataSource" time="0.004">
    <failure type="junit.framework.AssertionFailedError" message="Should have gotten a SQLException."><![CDATA[junit.framework.AssertionFailedError: Should have gotten a SQLException.
 at junit.framework.Assert.fail(Assert.java:57)
 at junit.framework.TestCase.fail(TestCase.java:223)
 at org.osgi.test.cases.jdbc.junit.JDBCTestCase.testCreateXADataSource(JDBCTestCase.java:148)
 at java.base/jdk.internal.reflect.NativeMethodAccessorImpl.invoke0(Native Method)
 at java.base/jdk.internal.reflect.NativeMethodAccessorImpl.invoke(NativeMethodAccessorImpl.java:77)
 at java.base/jdk.internal.reflect.DelegatingMethodAccessorImpl.invoke(DelegatingMethodAccessorImpl.java:43)
 at java.base/java.lang.reflect.Method.invoke(Method.java:568)
 at junit.framework.TestCase.runTest(TestCase.java:177)
 at junit.framework.TestCase.runBare(TestCase.java:142)
 at junit.framework.TestResult$1.protect(TestResult.java:122)
 at junit.framework.TestResult.runProtected(TestResult.java:142)
 at junit.framework.TestResult.run(TestResult.java:125)
 at junit.framework.TestCase.run(TestCase.java:130)
 at junit.framework.TestSuite.runTest(TestSuite.java:241)
 at junit.framework.TestSuite.run(TestSuite.java:236)
 at junit.framework.TestSuite.runTest(TestSuite.java:241)
 at junit.framework.TestSuite.run(TestSuite.java:236)
 at aQute.junit.Activator.test(Activator.java:354)
 at aQute.junit.Activator.automatic(Activator.java:266)
 at aQute.junit.Activator.run(Activator.java:188)
 at java.base/java.util.concurrent.Executors$RunnableAdapter.call(Executors.java:539)
 at aQute.launcher.Launcher.launch(Launcher.java:450)
 at aQute.launcher.Launcher.run(Launcher.java:184)
 at aQute.launcher.Launcher.main(Launcher.java:160)
 at aQute.launcher.pre.EmbeddedLauncher.executeWithRunPath(EmbeddedLauncher.java:170)
 at aQute.launcher.pre.EmbeddedLauncher.findAndExecute(EmbeddedLauncher.java:135)
 at aQute.launcher.pre.EmbeddedLauncher.main(EmbeddedLauncher.java:52)
]]>
    </failure>
    <system-err><![CDATA[May 12, 2022 7:58:48 PM com.microsoft.sqlserver.jdbc.osgi.SQLServerDataSourceFactory setup
WARNING: Microsoft JDBC Driver for SQL Server currently does not support the property: dataSourceName
May 12, 2022 7:58:48 PM com.microsoft.sqlserver.jdbc.osgi.SQLServerDataSourceFactory setup
WARNING: Microsoft JDBC Driver for SQL Server currently does not support the property: dataSourceName
]]>
    </system-err>
  </testcase>
  <testcase classname="org.osgi.test.cases.jdbc.junit.JDBCTestCase" name="testAtLeastOneMethodWorks" time="0.000"/>
  <testcase classname="org.osgi.test.cases.jdbc.junit.JDBCTestCase" name="testCreateDataSource" time="0.002">
    <failure type="junit.framework.AssertionFailedError" message="Should have gotten a SQLException for invalid property &quot;junk&quot;."><![CDATA[junit.framework.AssertionFailedError: Should have gotten a SQLException for invalid property "junk".
 at junit.framework.Assert.fail(Assert.java:57)
 at junit.framework.TestCase.fail(TestCase.java:223)
 at org.osgi.test.cases.jdbc.junit.JDBCTestCase.testCreateDataSource(JDBCTestCase.java:98)
 at java.base/jdk.internal.reflect.NativeMethodAccessorImpl.invoke0(Native Method)
 at java.base/jdk.internal.reflect.NativeMethodAccessorImpl.invoke(NativeMethodAccessorImpl.java:77)
 at java.base/jdk.internal.reflect.DelegatingMethodAccessorImpl.invoke(DelegatingMethodAccessorImpl.java:43)
 at java.base/java.lang.reflect.Method.invoke(Method.java:568)
 at junit.framework.TestCase.runTest(TestCase.java:177)
 at junit.framework.TestCase.runBare(TestCase.java:142)
 at junit.framework.TestResult$1.protect(TestResult.java:122)
 at junit.framework.TestResult.runProtected(TestResult.java:142)
 at junit.framework.TestResult.run(TestResult.java:125)
 at junit.framework.TestCase.run(TestCase.java:130)
 at junit.framework.TestSuite.runTest(TestSuite.java:241)
 at junit.framework.TestSuite.run(TestSuite.java:236)
 at junit.framework.TestSuite.runTest(TestSuite.java:241)
 at junit.framework.TestSuite.run(TestSuite.java:236)
 at aQute.junit.Activator.test(Activator.java:354)
 at aQute.junit.Activator.automatic(Activator.java:266)
 at aQute.junit.Activator.run(Activator.java:188)
 at java.base/java.util.concurrent.Executors$RunnableAdapter.call(Executors.java:539)
 at aQute.launcher.Launcher.launch(Launcher.java:450)
 at aQute.launcher.Launcher.run(Launcher.java:184)
 at aQute.launcher.Launcher.main(Launcher.java:160)
 at aQute.launcher.pre.EmbeddedLauncher.executeWithRunPath(EmbeddedLauncher.java:170)
 at aQute.launcher.pre.EmbeddedLauncher.findAndExecute(EmbeddedLauncher.java:135)
 at aQute.launcher.pre.EmbeddedLauncher.main(EmbeddedLauncher.java:52)
]]>
    </failure>
    <system-err><![CDATA[May 12, 2022 7:58:48 PM com.microsoft.sqlserver.jdbc.osgi.SQLServerDataSourceFactory setup
WARNING: Microsoft JDBC Driver for SQL Server currently does not support the property: dataSourceName
May 12, 2022 7:58:48 PM com.microsoft.sqlserver.jdbc.osgi.SQLServerDataSourceFactory setup
WARNING: Microsoft JDBC Driver for SQL Server currently does not support the property: dataSourceName
]]>
    </system-err>
  </testcase>
  <testcase classname="org.osgi.test.cases.jdbc.junit.JDBCTestCase" name="testCreateDriver" time="0.002">
    <failure type="junit.framework.AssertionFailedError" message="Should have gotten a SQLException."><![CDATA[junit.framework.AssertionFailedError: Should have gotten a SQLException.
 at junit.framework.Assert.fail(Assert.java:57)
 at junit.framework.TestCase.fail(TestCase.java:223)
 at org.osgi.test.cases.jdbc.junit.JDBCTestCase.testCreateDriver(JDBCTestCase.java:168)
 at java.base/jdk.internal.reflect.NativeMethodAccessorImpl.invoke0(Native Method)
 at java.base/jdk.internal.reflect.NativeMethodAccessorImpl.invoke(NativeMethodAccessorImpl.java:77)
 at java.base/jdk.internal.reflect.DelegatingMethodAccessorImpl.invoke(DelegatingMethodAccessorImpl.java:43)
 at java.base/java.lang.reflect.Method.invoke(Method.java:568)
 at junit.framework.TestCase.runTest(TestCase.java:177)
 at junit.framework.TestCase.runBare(TestCase.java:142)
 at junit.framework.TestResult$1.protect(TestResult.java:122)
 at junit.framework.TestResult.runProtected(TestResult.java:142)
 at junit.framework.TestResult.run(TestResult.java:125)
 at junit.framework.TestCase.run(TestCase.java:130)
 at junit.framework.TestSuite.runTest(TestSuite.java:241)
 at junit.framework.TestSuite.run(TestSuite.java:236)
 at junit.framework.TestSuite.runTest(TestSuite.java:241)
 at junit.framework.TestSuite.run(TestSuite.java:236)
 at aQute.junit.Activator.test(Activator.java:354)
 at aQute.junit.Activator.automatic(Activator.java:266)
 at aQute.junit.Activator.run(Activator.java:188)
 at java.base/java.util.concurrent.Executors$RunnableAdapter.call(Executors.java:539)
 at aQute.launcher.Launcher.launch(Launcher.java:450)
 at aQute.launcher.Launcher.run(Launcher.java:184)
 at aQute.launcher.Launcher.main(Launcher.java:160)
 at aQute.launcher.pre.EmbeddedLauncher.executeWithRunPath(EmbeddedLauncher.java:170)
 at aQute.launcher.pre.EmbeddedLauncher.findAndExecute(EmbeddedLauncher.java:135)
 at aQute.launcher.pre.EmbeddedLauncher.main(EmbeddedLauncher.java:52)
]]>
    </failure>
  </testcase>
  <testcase classname="org.osgi.test.cases.jdbc.junit.SignatureTestCase" name="testSignatures" time="0.060">
    <system-out><![CDATA[#Checking class: org.osgi.service.jdbc.DataSourceFactory
#visit org.osgi.service.jdbc.DataSourceFactory.OSGI_JDBC_DRIVER_CLASS Ljava/lang/String;
#visit org.osgi.service.jdbc.DataSourceFactory.OSGI_JDBC_DRIVER_NAME Ljava/lang/String;
#visit org.osgi.service.jdbc.DataSourceFactory.OSGI_JDBC_DRIVER_VERSION Ljava/lang/String;
#visit org.osgi.service.jdbc.DataSourceFactory.JDBC_DATABASE_NAME Ljava/lang/String;
#visit org.osgi.service.jdbc.DataSourceFactory.JDBC_DATASOURCE_NAME Ljava/lang/String;
#visit org.osgi.service.jdbc.DataSourceFactory.JDBC_DESCRIPTION Ljava/lang/String;
#visit org.osgi.service.jdbc.DataSourceFactory.JDBC_NETWORK_PROTOCOL Ljava/lang/String;
#visit org.osgi.service.jdbc.DataSourceFactory.JDBC_PASSWORD Ljava/lang/String;
#visit org.osgi.service.jdbc.DataSourceFactory.JDBC_PORT_NUMBER Ljava/lang/String;
#visit org.osgi.service.jdbc.DataSourceFactory.JDBC_ROLE_NAME Ljava/lang/String;
#visit org.osgi.service.jdbc.DataSourceFactory.JDBC_SERVER_NAME Ljava/lang/String;
#visit org.osgi.service.jdbc.DataSourceFactory.JDBC_USER Ljava/lang/String;
#visit org.osgi.service.jdbc.DataSourceFactory.JDBC_URL Ljava/lang/String;
#visit org.osgi.service.jdbc.DataSourceFactory.JDBC_INITIAL_POOL_SIZE Ljava/lang/String;
#visit org.osgi.service.jdbc.DataSourceFactory.JDBC_MAX_IDLE_TIME Ljava/lang/String;
#visit org.osgi.service.jdbc.DataSourceFactory.JDBC_MAX_POOL_SIZE Ljava/lang/String;
#visit org.osgi.service.jdbc.DataSourceFactory.JDBC_MAX_STATEMENTS Ljava/lang/String;
#visit org.osgi.service.jdbc.DataSourceFactory.JDBC_MIN_POOL_SIZE Ljava/lang/String;
#visit org.osgi.service.jdbc.DataSourceFactory.JDBC_PROPERTY_CYCLE Ljava/lang/String;
#visit org.osgi.service.jdbc.DataSourceFactory.createDataSource (Ljava/util/Properties;)Ljavax/sql/DataSource;
#visit org.osgi.service.jdbc.DataSourceFactory.createConnectionPoolDataSource (Ljava/util/Properties;)Ljavax/sql/ConnectionPoolDataSource;
#visit org.osgi.service.jdbc.DataSourceFactory.createXADataSource (Ljava/util/Properties;)Ljavax/sql/XADataSource;
#visit org.osgi.service.jdbc.DataSourceFactory.createDriver (Ljava/util/Properties;)Ljava/sql/Driver;
]]>
    </system-out>
  </testcase>
</testsuite>