<?xml version="1.0" encoding="UTF-8"?>
<testsuite hostname="stbischof-XPS-13-9370" name="test.biz.aQute.tester" target="reference:file:/home/stbischof/dev/elipseWs/osgi-compatibility/org.osgi.compatibility/org.osgi.compatibility.jaxrs/org.osgi.compatibility.jaxrs.aries.jaxrs/target/test/tmp/testing/tck/cnf/cache/6.2.0/bnd-cache/biz.aQute.tester/biz.aQute.tester-6.2.0.jar" timestamp="2022-05-13T18:38:23.958987611" framework="org.eclipse.osgi_3.17.200.v20220215-2237 [0]" framework-version="3.17.200.v20220215-2237" tests="1" failures="1" errors="0" time="0.051">
  <properties>
    <property name="file.encoding" value="UTF-8"/>
    <property name="file.separator" value="/"/>
    <property name="java.class.path" value="/home/stbischof/dev/elipseWs/osgi-compatibility/org.osgi.compatibility/org.osgi.compatibility.jaxrs/org.osgi.compatibility.jaxrs.aries.jaxrs/target/test/tmp/testing/tck/cnf/cache/6.2.0/bnd-cache/biz.aQute.launcher/biz.aQute.launcher.pre.jar"/>
    <property name="java.class.version" value="61.0"/>
    <property name="java.home" value="/home/stbischof/dev/jdk/jdk-17.0.2+8_ojdk"/>
    <property name="java.io.tmpdir" value="/tmp"/>
    <property name="java.library.path" value="/usr/java/packages/lib:/usr/lib64:/lib64:/lib:/usr/lib"/>
    <property name="java.runtime.name" value="OpenJDK Runtime Environment"/>
    <property name="java.runtime.version" value="17.0.2+8"/>
    <property name="java.specification.name" value="Java Platform API Specification"/>
    <property name="java.specification.vendor" value="Oracle Corporation"/>
    <property name="java.specification.version" value="17"/>
    <property name="java.vendor" value="Eclipse Adoptium"/>
    <property name="java.vendor.url" value="https://adoptium.net/"/>
    <property name="java.vendor.url.bug" value="https://github.com/adoptium/adoptium-support/issues"/>
    <property name="java.vendor.version" value="Temurin-17.0.2+8"/>
    <property name="java.version" value="17.0.2"/>
    <property name="java.version.date" value="2022-01-18"/>
    <property name="java.vm.compressedOopsMode" value="Zero based"/>
    <property name="java.vm.info" value="mixed mode, sharing"/>
    <property name="java.vm.name" value="OpenJDK 64-Bit Server VM"/>
    <property name="java.vm.specification.name" value="Java Virtual Machine Specification"/>
    <property name="java.vm.specification.vendor" value="Oracle Corporation"/>
    <property name="java.vm.specification.version" value="17"/>
    <property name="java.vm.vendor" value="Eclipse Adoptium"/>
    <property name="java.vm.version" value="17.0.2+8"/>
    <property name="jdk.debug" value="release"/>
    <property name="jetty.git.hash" value="4a0c91c0be53805e3fcffdcdcc9587d5301863db"/>
    <property name="jetty.version" value="9.4.45.v20220203"/>
    <property name="launch.activation.eager" value="false"/>
    <property name="launch.activators" value=""/>
    <property name="launch.bundles" value="/home/stbischof/.m2/repository/org/assertj/assertj-core/3.20.2/assertj-core-3.20.2.jar,/home/stbischof/.m2/repository/ch/qos/logback/logback-classic/1.2.3/logback-classic-1.2.3.jar,/home/stbischof/.m2/repository/ch/qos/logback/logback-core/1.2.3/logback-core-1.2.3.jar,/home/stbischof/.m2/repository/com/fasterxml/woodstox/woodstox-core/6.2.4/woodstox-core-6.2.4.jar,/home/stbischof/.m2/repository/com/sun/xml/bind/jaxb-osgi/2.3.3/jaxb-osgi-2.3.3.jar,/home/stbischof/.m2/repository/jakarta/xml/bind/jakarta.xml.bind-api/2.3.3/jakarta.xml.bind-api-2.3.3.jar,/home/stbischof/.m2/repository/org/apache/aries/component-dsl/org.apache.aries.component-dsl.component-dsl/1.2.2/org.apache.aries.component-dsl.component-dsl-1.2.2.jar,/home/stbischof/.m2/repository/org/apache/aries/spec/org.apache.aries.javax.jax.rs-api/1.0.4/org.apache.aries.javax.jax.rs-api-1.0.4.jar,/home/stbischof/.m2/repository/org/apache/aries/jax/rs/org.apache.aries.jax.rs.whiteboard/2.0.1/org.apache.aries.jax.rs.whiteboard-2.0.1.jar,/home/stbischof/.m2/repository/org/apache/aries/spifly/org.apache.aries.spifly.dynamic.framework.extension/1.3.3/org.apache.aries.spifly.dynamic.framework.extension-1.3.3.jar,/home/stbischof/.m2/repository/org/apache/cxf/cxf-core/3.4.3/cxf-core-3.4.3.jar,/home/stbischof/.m2/repository/org/apache/cxf/cxf-rt-frontend-jaxrs/3.4.3/cxf-rt-frontend-jaxrs-3.4.3.jar,/home/stbischof/.m2/repository/org/apache/cxf/cxf-rt-rs-client/3.4.3/cxf-rt-rs-client-3.4.3.jar,/home/stbischof/.m2/repository/org/apache/cxf/cxf-rt-rs-sse/3.4.3/cxf-rt-rs-sse-3.4.3.jar,/home/stbischof/.m2/repository/org/apache/cxf/cxf-rt-security/3.4.3/cxf-rt-security-3.4.3.jar,/home/stbischof/.m2/repository/org/apache/cxf/cxf-rt-transports-http/3.4.3/cxf-rt-transports-http-3.4.3.jar,/home/stbischof/.m2/repository/org/apache/felix/org.apache.felix.configadmin/1.9.24/org.apache.felix.configadmin-1.9.24.jar,/home/stbischof/.m2/repository/org/apache/felix/org.apache.felix.http.jetty/4.2.0/org.apache.felix.http.jetty-4.2.0.jar,/home/stbischof/.m2/repository/org/apache/felix/org.apache.felix.http.servlet-api/1.2.0/org.apache.felix.http.servlet-api-1.2.0.jar,/home/stbischof/.m2/repository/org/apache/geronimo/specs/geronimo-annotation_1.3_spec/1.3/geronimo-annotation_1.3_spec-1.3.jar,/home/stbischof/.m2/repository/org/apache/servicemix/bundles/org.apache.servicemix.bundles.junit/4.13.2_1/org.apache.servicemix.bundles.junit-4.13.2_1.jar,/home/stbischof/.m2/repository/org/apache/ws/xmlschema/xmlschema-core/2.2.5/xmlschema-core-2.2.5.jar,/home/stbischof/.m2/repository/org/osgi/org.osgi.service.cm/1.6.0/org.osgi.service.cm-1.6.0.jar,/home/stbischof/.m2/repository/org/osgi/org.osgi.service.jaxrs/1.0.0/org.osgi.service.jaxrs-1.0.0.jar,/home/stbischof/.m2/repository/org/osgi/org.osgi.test.cases.jaxrs/8.0.0-SNAPSHOT/org.osgi.test.cases.jaxrs-8.0.0-SNAPSHOT.jar,/home/stbischof/.m2/repository/org/osgi/org.osgi.util.function/1.2.0/org.osgi.util.function-1.2.0.jar,/home/stbischof/.m2/repository/org/osgi/org.osgi.util.promise/1.2.0/org.osgi.util.promise-1.2.0.jar,/home/stbischof/.m2/repository/org/slf4j/slf4j-api/1.7.30/slf4j-api-1.7.30.jar,/home/stbischof/.m2/repository/org/codehaus/woodstox/stax2-api/4.2.1/stax2-api-4.2.1.jar,/home/stbischof/dev/elipseWs/osgi-compatibility/org.osgi.compatibility/org.osgi.compatibility.jaxrs/org.osgi.compatibility.jaxrs.aries.jaxrs/target/test/tmp/testing/tck/cnf/cache/6.2.0/bnd-cache/biz.aQute.tester/biz.aQute.tester-6.2.0.jar"/>
    <property name="launch.embedded" value="false"/>
    <property name="launch.framework.restart" value="false"/>
    <property name="launch.framework.restart.count" value="0"/>
    <property name="launch.keep" value="false"/>
    <property name="launch.name" value="tck.bndrun"/>
    <property name="launch.noreferences" value="false"/>
    <property name="launch.notificationPort" value="-1"/>
    <property name="launch.services" value="true"/>
    <property name="launch.system.packages" value="org.eclipse.core.runtime.adaptor;x-friends:=&quot;org.eclipse.core.runtime&quot;,org.eclipse.core.runtime.internal.adaptor;x-internal:=true,org.eclipse.equinox.log;version=&quot;1.1&quot;;uses:=&quot;org.osgi.framework,org.osgi.service.log&quot;,org.eclipse.osgi.container;version=&quot;1.6&quot;;uses:=&quot;org.eclipse.osgi.report.resolution,  org.osgi.framework.wiring,  org.eclipse.osgi.framework.eventmgr,  org.osgi.framework.startlevel,  org.osgi.framework,  org.osgi.framework.hooks.resolver,  org.osgi.service.resolver,  org.osgi.resource,  org.eclipse.osgi.service.debug&quot;,org.eclipse.osgi.container.builders;version=&quot;1.0&quot;;uses:=&quot;org.eclipse.osgi.util,org.eclipse.osgi.container&quot;,org.eclipse.osgi.container.namespaces;version=&quot;1.0&quot;;uses:=&quot;org.osgi.resource&quot;,org.eclipse.osgi.framework.console;version=&quot;1.1&quot;;uses:=&quot;org.osgi.framework&quot;,org.eclipse.osgi.framework.eventmgr;version=&quot;1.2&quot;,org.eclipse.osgi.framework.internal.reliablefile;x-internal:=true,org.eclipse.osgi.framework.log;version=&quot;1.1&quot;;uses:=&quot;org.osgi.framework&quot;,org.eclipse.osgi.framework.util;x-internal:=true,org.eclipse.osgi.internal.debug;x-internal:=true,org.eclipse.osgi.internal.framework;x-internal:=true,org.eclipse.osgi.internal.hookregistry;x-friends:=&quot;org.eclipse.osgi.tests&quot;,org.eclipse.osgi.internal.loader;x-internal:=true,org.eclipse.osgi.internal.loader.buddy;x-internal:=true,org.eclipse.osgi.internal.loader.classpath;x-internal:=true,org.eclipse.osgi.internal.loader.sources;x-internal:=true,org.eclipse.osgi.internal.location;x-internal:=true,org.eclipse.osgi.internal.messages;x-internal:=true,org.eclipse.osgi.internal.provisional.service.security;version=&quot;1.0.0&quot;;x-friends:=&quot;org.eclipse.equinox.security.ui&quot;,org.eclipse.osgi.internal.provisional.verifier;x-friends:=&quot;org.eclipse.ui.workbench,org.eclipse.equinox.p2.artifact.repository&quot;,org.eclipse.osgi.internal.service.security;x-friends:=&quot;org.eclipse.equinox.security.ui&quot;,org.eclipse.osgi.internal.serviceregistry;x-internal:=true,org.eclipse.osgi.internal.signedcontent;x-internal:=true,org.eclipse.osgi.internal.url;x-internal:=true,org.eclipse.osgi.launch;version=&quot;1.1&quot;;uses:=&quot;org.osgi.framework,org.osgi.framework.launch,org.osgi.framework.connect&quot;,org.eclipse.osgi.report.resolution;version=&quot;1.0&quot;;uses:=&quot;org.osgi.service.resolver,org.osgi.resource&quot;,org.eclipse.osgi.service.datalocation;version=&quot;1.3&quot;,org.eclipse.osgi.service.debug;version=&quot;1.2&quot;,org.eclipse.osgi.service.environment;version=&quot;1.4&quot;,org.eclipse.osgi.service.localization;version=&quot;1.1&quot;;uses:=&quot;org.osgi.framework&quot;,org.eclipse.osgi.service.pluginconversion;version=&quot;1.0&quot;,org.eclipse.osgi.service.resolver;version=&quot;1.6&quot;;uses:=&quot;org.osgi.framework,org.osgi.framework.hooks.resolver,org.osgi.framework.wiring&quot;,org.eclipse.osgi.service.runnable;version=&quot;1.1&quot;,org.eclipse.osgi.service.security;version=&quot;1.0&quot;,org.eclipse.osgi.service.urlconversion;version=&quot;1.0&quot;,org.eclipse.osgi.signedcontent;version=&quot;1.1&quot;;uses:=&quot;org.osgi.framework&quot;,org.eclipse.osgi.storage;x-friends:=&quot;org.eclipse.osgi.tests&quot;,org.eclipse.osgi.storage.bundlefile;x-internal:=true,org.eclipse.osgi.storage.url.reference;x-internal:=true,org.eclipse.osgi.storagemanager;version=&quot;1.0&quot;,org.eclipse.osgi.util;version=&quot;1.1&quot;,org.osgi.dto;version=&quot;1.1.1&quot;,org.osgi.framework;version=&quot;1.10&quot;,org.osgi.framework.connect;version=&quot;1.0&quot;;uses:=&quot;org.osgi.framework.launch&quot;,org.osgi.framework.dto;version=&quot;1.8&quot;;uses:=&quot;org.osgi.dto&quot;,org.osgi.framework.hooks.bundle;version=&quot;1.1&quot;;uses:=&quot;org.osgi.framework&quot;,org.osgi.framework.hooks.resolver;version=&quot;1.0&quot;;uses:=&quot;org.osgi.framework.wiring&quot;,org.osgi.framework.hooks.service;version=&quot;1.1&quot;;uses:=&quot;org.osgi.framework&quot;,org.osgi.framework.hooks.weaving;version=&quot;1.1&quot;;uses:=&quot;org.osgi.framework.wiring&quot;,org.osgi.framework.launch;version=&quot;1.2&quot;;uses:=&quot;org.osgi.framework&quot;,org.osgi.framework.namespace;version=&quot;1.2&quot;;uses:=&quot;org.osgi.resource&quot;,org.osgi.framework.startlevel;version=&quot;1.0&quot;;uses:=&quot;org.osgi.framework&quot;,org.osgi.framework.startlevel.dto;version=&quot;1.0&quot;;uses:=&quot;org.osgi.dto&quot;,org.osgi.framework.wiring;version=&quot;1.2&quot;;uses:=&quot;org.osgi.framework,org.osgi.resource&quot;,org.osgi.framework.wiring.dto;version=&quot;1.3&quot;;uses:=&quot;org.osgi.dto,org.osgi.resource.dto&quot;,org.osgi.resource;version=&quot;1.0.1&quot;,org.osgi.resource.dto;version=&quot;1.0.1&quot;;uses:=&quot;org.osgi.dto&quot;,org.osgi.service.condition;version=&quot;1.0&quot;,org.osgi.service.condpermadmin;version=&quot;1.1.2&quot;;uses:=&quot;org.osgi.framework&quot;,org.osgi.service.log;version=&quot;1.5&quot;;uses:=&quot;org.osgi.framework&quot;,org.osgi.service.log.admin;version=&quot;1.0&quot;;uses:=&quot;org.osgi.service.log&quot;,org.osgi.service.packageadmin;version=&quot;1.2.1&quot;;uses:=&quot;org.osgi.framework&quot;,org.osgi.service.permissionadmin;version=&quot;1.2.1&quot;,org.osgi.service.resolver;version=&quot;1.1.1&quot;;uses:=&quot;org.osgi.resource&quot;,org.osgi.service.startlevel;version=&quot;1.1.1&quot;;uses:=&quot;org.osgi.framework&quot;,org.osgi.service.url;version=&quot;1.0.1&quot;,org.osgi.util.tracker;version=&quot;1.5.3&quot;;uses:=&quot;org.osgi.framework&quot;"/>
    <property name="launch.timeout" value="0"/>
    <property name="launch.trace" value="true"/>
    <property name="launcher.properties" value="/home/stbischof/dev/elipseWs/osgi-compatibility/org.osgi.compatibility/org.osgi.compatibility.jaxrs/org.osgi.compatibility.jaxrs.aries.jaxrs/target/test/tmp/testing/tck/generated/launch16400952624533734242.properties"/>
    <property name="launcher.runpath" value="/home/stbischof/.m2/repository/org/eclipse/platform/org.eclipse.osgi/3.17.200/org.eclipse.osgi-3.17.200.jar,/home/stbischof/dev/elipseWs/osgi-compatibility/org.osgi.compatibility/org.osgi.compatibility.jaxrs/org.osgi.compatibility.jaxrs.aries.jaxrs/target/test/tmp/testing/tck/cnf/cache/6.2.0/bnd-cache/biz.aQute.launcher/biz.aQute.launcher-6.2.0.jar"/>
    <property name="line.separator" value="
"/>
    <property name="native.encoding" value="UTF-8"/>
    <property name="os.arch" value="amd64"/>
    <property name="os.name" value="Linux"/>
    <property name="os.version" value="5.15.0-27-generic"/>
    <property name="path.separator" value=":"/>
    <property name="report" value="true"/>
    <property name="sun.arch.data.model" value="64"/>
    <property name="sun.boot.library.path" value="/home/stbischof/dev/jdk/jdk-17.0.2+8_ojdk/lib"/>
    <property name="sun.cpu.endian" value="little"/>
    <property name="sun.io.unicode.encoding" value="UnicodeLittle"/>
    <property name="sun.java.command" value="aQute.launcher.pre.EmbeddedLauncher"/>
    <property name="sun.java.launcher" value="SUN_STANDARD"/>
    <property name="sun.jnu.encoding" value="UTF-8"/>
    <property name="sun.management.compiler" value="HotSpot 64-Bit Tiered Compilers"/>
    <property name="tester.continuous" value="false"/>
    <property name="tester.dir" value="/home/stbischof/dev/elipseWs/osgi-compatibility/org.osgi.compatibility/org.osgi.compatibility.jaxrs/org.osgi.compatibility.jaxrs.aries.jaxrs/target/test-reports/tck"/>
    <property name="tester.trace" value="true"/>
    <property name="tester.unresolved" value="true"/>
    <property name="user.country" value="US"/>
    <property name="user.dir" value="/home/stbischof/dev/elipseWs/osgi-compatibility/org.osgi.compatibility/org.osgi.compatibility.jaxrs/org.osgi.compatibility.jaxrs.aries.jaxrs/target/test/tmp/testing/tck"/>
    <property name="user.home" value="/home/stbischof"/>
    <property name="user.language" value="en"/>
    <property name="user.name" value="stbischof"/>
    <property name="user.timezone" value="Europe/Berlin"/>
  </properties>
  <testcase classname="aQute.junit.UnresolvedTester" name="testAllResolved" time="0.030">
    <failure type="junit.framework.AssertionFailedError" message="Unresolved bundles
com.sun.xml.bind.jaxb-osgi [5];2.3.3
    Could not resolve module: com.sun.xml.bind.jaxb-osgi [5]
  Unresolved requirement: Import-Package: javax.xml.bind; version=&quot;2.3.0&quot;
    -&gt; Export-Package: javax.xml.bind; bundle-symbolic-name=&quot;jakarta.xml.bind-api&quot;; bundle-version=&quot;2.3.3&quot;; version=&quot;2.3.3&quot;; uses:=&quot;javax.xml.bind.annotation.adapters,javax.xml.bind.attachment,javax.xml.namespace,javax.xml.stream,javax.xml.transform,javax.xml.validation,org.w3c.dom,org.xml.sax&quot;
       jakarta.xml.bind-api [6]
         Unresolved requirement: Import-Package: javax.activation
  Unresolved requirement: Import-Package: javax.xml.bind.annotation; version=&quot;2.3.0&quot;
    -&gt; Export-Package: javax.xml.bind.annotation; bundle-symbolic-name=&quot;jakarta.xml.bind-api&quot;; bundle-version=&quot;2.3.3&quot;; version=&quot;2.3.3&quot;; uses:=&quot;javax.xml.bind,javax.xml.parsers,javax.xml.transform,javax.xml.transform.dom,org.w3c.dom&quot;


jakarta.xml.bind-api [6];2.3.3
    Could not resolve module: jakarta.xml.bind-api [6]
  Unresolved requirement: Import-Package: javax.activation


org.apache.aries.javax.jax.rs-api [8];1.0.4
    Could not resolve module: org.apache.aries.javax.jax.rs-api [8]
  Unresolved requirement: Import-Package: org.apache.geronimo.osgi.registry.api; resolution:=&quot;optional&quot;
  Unresolved requirement: Import-Package: javax.xml.bind.annotation
    -&gt; Export-Package: javax.xml.bind.annotation; bundle-symbolic-name=&quot;jakarta.xml.bind-api&quot;; bundle-version=&quot;2.3.3&quot;; version=&quot;2.3.3&quot;; uses:=&quot;javax.xml.bind,javax.xml.parsers,javax.xml.transform,javax.xml.transform.dom,org.w3c.dom&quot;
       jakarta.xml.bind-api [6]
         Unresolved requirement: Import-Package: javax.activation
  Unresolved requirement: Import-Package: javax.xml.bind.annotation.adapters
    -&gt; Export-Package: javax.xml.bind.annotation.adapters; bundle-symbolic-name=&quot;jakarta.xml.bind-api&quot;; bundle-version=&quot;2.3.3&quot;; version=&quot;2.3.3&quot;


org.apache.aries.jax.rs.whiteboard [9];2.0.1
    Could not resolve module: org.apache.aries.jax.rs.whiteboard [9]
  Unresolved requirement: Import-Package: com.sun.xml.bind.annotation; version=&quot;[2.3.0,3.0.0)&quot;
    -&gt; Export-Package: com.sun.xml.bind.annotation; bundle-symbolic-name=&quot;com.sun.xml.bind.jaxb-osgi&quot;; bundle-version=&quot;2.3.3&quot;; version=&quot;2.3.3&quot;
       com.sun.xml.bind.jaxb-osgi [5]
         Unresolved requirement: Import-Package: javax.xml.bind; version=&quot;2.3.0&quot;
           -&gt; Export-Package: javax.xml.bind; bundle-symbolic-name=&quot;jakarta.xml.bind-api&quot;; bundle-version=&quot;2.3.3&quot;; version=&quot;2.3.3&quot;; uses:=&quot;javax.xml.bind.annotation.adapters,javax.xml.bind.attachment,javax.xml.namespace,javax.xml.stream,javax.xml.transform,javax.xml.validation,org.w3c.dom,org.xml.sax&quot;
              jakarta.xml.bind-api [6]
                Unresolved requirement: Import-Package: javax.activation
         Unresolved requirement: Import-Package: javax.xml.bind.annotation; version=&quot;2.3.0&quot;
           -&gt; Export-Package: javax.xml.bind.annotation; bundle-symbolic-name=&quot;jakarta.xml.bind-api&quot;; bundle-version=&quot;2.3.3&quot;; version=&quot;2.3.3&quot;; uses:=&quot;javax.xml.bind,javax.xml.parsers,javax.xml.transform,javax.xml.transform.dom,org.w3c.dom&quot;
  Unresolved requirement: Import-Package: javax.ws.rs.client
    -&gt; Export-Package: javax.ws.rs.client; bundle-symbolic-name=&quot;org.apache.aries.javax.jax.rs-api&quot;; bundle-version=&quot;1.0.4&quot;; version=&quot;2.1.0&quot;; uses:=&quot;javax.net.ssl,javax.ws.rs,javax.ws.rs.core&quot;
       org.apache.aries.javax.jax.rs-api [8]
         Unresolved requirement: Import-Package: org.apache.geronimo.osgi.registry.api; resolution:=&quot;optional&quot;
         Unresolved requirement: Import-Package: javax.xml.bind.annotation
           -&gt; Export-Package: javax.xml.bind.annotation; bundle-symbolic-name=&quot;jakarta.xml.bind-api&quot;; bundle-version=&quot;2.3.3&quot;; version=&quot;2.3.3&quot;; uses:=&quot;javax.xml.bind,javax.xml.parsers,javax.xml.transform,javax.xml.transform.dom,org.w3c.dom&quot;
  Unresolved requirement: Import-Package: javax.ws.rs
    -&gt; Export-Package: javax.ws.rs; bundle-symbolic-name=&quot;org.apache.aries.javax.jax.rs-api&quot;; bundle-version=&quot;1.0.4&quot;; version=&quot;2.1.0&quot;; uses:=&quot;javax.ws.rs.core&quot;


org.apache.cxf.cxf-core [11];3.4.3
    Could not resolve module: org.apache.cxf.cxf-core [11]
  Unresolved requirement: Import-Package: com.sun.msv.grammar; version=&quot;[2013.6.0,2014.0.0)&quot;; resolution:=&quot;optional&quot;
  Unresolved requirement: Import-Package: com.sun.msv.grammar.xmlschema; version=&quot;[2013.6.0,2014.0.0)&quot;; resolution:=&quot;optional&quot;
  Unresolved requirement: Import-Package: com.sun.msv.reader; version=&quot;[2013.6.0,2014.0.0)&quot;; resolution:=&quot;optional&quot;
  Unresolved requirement: Import-Package: com.sun.msv.reader.xmlschema; version=&quot;[2013.6.0,2014.0.0)&quot;; resolution:=&quot;optional&quot;
  Unresolved requirement: Import-Package: com.sun.tools.internal.xjc.api; resolution:=&quot;optional&quot;
  Unresolved requirement: Import-Package: com.sun.xml.internal.messaging.saaj.soap; resolution:=&quot;optional&quot;
  Unresolved requirement: Import-Package: com.sun.xml.messaging.saaj.soap; resolution:=&quot;optional&quot;
  Unresolved requirement: Import-Package: javax.activation; version=&quot;[0.0.0,2.0.0)&quot;
  Unresolved requirement: Import-Package: com.sun.tools.xjc.api; resolution:=&quot;optional&quot;
    -&gt; Export-Package: com.sun.tools.xjc.api; bundle-symbolic-name=&quot;com.sun.xml.bind.jaxb-osgi&quot;; bundle-version=&quot;2.3.3&quot;; version=&quot;2.3.3&quot;; uses:=&quot;com.sun.codemodel,com.sun.tools.xjc,com.sun.xml.bind.api,javax.annotation.processing,javax.lang.model.element,javax.lang.model.type,javax.xml.bind,javax.xml.namespace,javax.xml.stream,javax.xml.transform,org.w3c.dom,org.xml.sax&quot;
       com.sun.xml.bind.jaxb-osgi [5]
         Unresolved requirement: Import-Package: javax.xml.bind; version=&quot;2.3.0&quot;
           -&gt; Export-Package: javax.xml.bind; bundle-symbolic-name=&quot;jakarta.xml.bind-api&quot;; bundle-version=&quot;2.3.3&quot;; version=&quot;2.3.3&quot;; uses:=&quot;javax.xml.bind.annotation.adapters,javax.xml.bind.attachment,javax.xml.namespace,javax.xml.stream,javax.xml.transform,javax.xml.validation,org.w3c.dom,org.xml.sax&quot;
              jakarta.xml.bind-api [6]
                Unresolved requirement: Import-Package: javax.activation
         Unresolved requirement: Import-Package: javax.xml.bind.annotation; version=&quot;2.3.0&quot;
           -&gt; Export-Package: javax.xml.bind.annotation; bundle-symbolic-name=&quot;jakarta.xml.bind-api&quot;; bundle-version=&quot;2.3.3&quot;; version=&quot;2.3.3&quot;; uses:=&quot;javax.xml.bind,javax.xml.parsers,javax.xml.transform,javax.xml.transform.dom,org.w3c.dom&quot;
  Unresolved requirement: Import-Package: com.sun.xml.bind.marshaller; version=&quot;[2.3.0,3.0.0)&quot;; resolution:=&quot;optional&quot;
    -&gt; Export-Package: com.sun.xml.bind.marshaller; bundle-symbolic-name=&quot;com.sun.xml.bind.jaxb-osgi&quot;; bundle-version=&quot;2.3.3&quot;; version=&quot;2.3.3&quot;; uses:=&quot;javax.xml.parsers,org.w3c.dom,org.xml.sax,org.xml.sax.helpers&quot;
  Unresolved requirement: Import-Package: com.sun.xml.bind.api; version=&quot;[2.3.0,3.0.0)&quot;; resolution:=&quot;optional&quot;
    -&gt; Export-Package: com.sun.xml.bind.api; bundle-symbolic-name=&quot;com.sun.xml.bind.jaxb-osgi&quot;; bundle-version=&quot;2.3.3&quot;; version=&quot;2.3.3&quot;; uses:=&quot;com.sun.xml.bind.v2.model.annotation,com.sun.xml.bind.v2.model.runtime,com.sun.xml.bind.v2.runtime,javax.xml.bind,javax.xml.bind.attachment,javax.xml.namespace,javax.xml.stream,javax.xml.transform,org.w3c.dom,org.xml.sax&quot;
  Unresolved requirement: Import-Package: com.sun.xml.fastinfoset.stax; version=&quot;[1.2.0,2.0.0)&quot;; resolution:=&quot;optional&quot;
    -&gt; Export-Package: com.sun.xml.fastinfoset.stax; bundle-symbolic-name=&quot;com.sun.xml.bind.jaxb-osgi&quot;; bundle-version=&quot;2.3.3&quot;; version=&quot;1.2.18&quot;; uses:=&quot;com.sun.xml.fastinfoset,com.sun.xml.fastinfoset.sax,com.sun.xml.fastinfoset.util,javax.xml.namespace,javax.xml.stream,org.jvnet.fastinfoset,org.jvnet.fastinfoset.stax&quot;


org.apache.cxf.cxf-rt-frontend-jaxrs [12];3.4.3
    Could not resolve module: org.apache.cxf.cxf-rt-frontend-jaxrs [12]
  Unresolved requirement: Import-Package: javax.activation; version=&quot;[0.0.0,2.0.0)&quot;


org.apache.cxf.cxf-rt-rs-client [13];3.4.3
    Could not resolve module: org.apache.cxf.cxf-rt-rs-client [13]
  Unresolved requirement: Import-Package: javax.cache; version=&quot;[1.1.0,2.0.0)&quot;; resolution:=&quot;optional&quot;
  Unresolved requirement: Import-Package: javax.cache.configuration; version=&quot;[1.1.0,2.0.0)&quot;; resolution:=&quot;optional&quot;
  Unresolved requirement: Import-Package: javax.cache.spi; version=&quot;[1.1.0,2.0.0)&quot;; resolution:=&quot;optional&quot;
  Unresolved requirement: Import-Package: javax.ws.rs.client; version=&quot;[2.1.0,3.0.0)&quot;
    -&gt; Export-Package: javax.ws.rs.client; bundle-symbolic-name=&quot;org.apache.aries.javax.jax.rs-api&quot;; bundle-version=&quot;1.0.4&quot;; version=&quot;2.1.0&quot;; uses:=&quot;javax.net.ssl,javax.ws.rs,javax.ws.rs.core&quot;
       org.apache.aries.javax.jax.rs-api [8]
         Unresolved requirement: Import-Package: org.apache.geronimo.osgi.registry.api; resolution:=&quot;optional&quot;
         Unresolved requirement: Import-Package: javax.xml.bind.annotation
           -&gt; Export-Package: javax.xml.bind.annotation; bundle-symbolic-name=&quot;jakarta.xml.bind-api&quot;; bundle-version=&quot;2.3.3&quot;; version=&quot;2.3.3&quot;; uses:=&quot;javax.xml.bind,javax.xml.parsers,javax.xml.transform,javax.xml.transform.dom,org.w3c.dom&quot;
              jakarta.xml.bind-api [6]
                Unresolved requirement: Import-Package: javax.activation
         Unresolved requirement: Import-Package: javax.xml.bind.annotation.adapters
           -&gt; Export-Package: javax.xml.bind.annotation.adapters; bundle-symbolic-name=&quot;jakarta.xml.bind-api&quot;; bundle-version=&quot;2.3.3&quot;; version=&quot;2.3.3&quot;
  Unresolved requirement: Import-Package: javax.ws.rs; version=&quot;[2.1.0,3.0.0)&quot;
    -&gt; Export-Package: javax.ws.rs; bundle-symbolic-name=&quot;org.apache.aries.javax.jax.rs-api&quot;; bundle-version=&quot;1.0.4&quot;; version=&quot;2.1.0&quot;; uses:=&quot;javax.ws.rs.core&quot;


org.apache.cxf.cxf-rt-rs-sse [14];3.4.3
    Could not resolve module: org.apache.cxf.cxf-rt-rs-sse [14]
  Unresolved requirement: Import-Package: javax.ws.rs; version=&quot;[2.1.0,3.0.0)&quot;
    -&gt; Export-Package: javax.ws.rs; bundle-symbolic-name=&quot;org.apache.aries.javax.jax.rs-api&quot;; bundle-version=&quot;1.0.4&quot;; version=&quot;2.1.0&quot;; uses:=&quot;javax.ws.rs.core&quot;
       org.apache.aries.javax.jax.rs-api [8]
         Unresolved requirement: Import-Package: org.apache.geronimo.osgi.registry.api; resolution:=&quot;optional&quot;
         Unresolved requirement: Import-Package: javax.xml.bind.annotation
           -&gt; Export-Package: javax.xml.bind.annotation; bundle-symbolic-name=&quot;jakarta.xml.bind-api&quot;; bundle-version=&quot;2.3.3&quot;; version=&quot;2.3.3&quot;; uses:=&quot;javax.xml.bind,javax.xml.parsers,javax.xml.transform,javax.xml.transform.dom,org.w3c.dom&quot;
              jakarta.xml.bind-api [6]
                Unresolved requirement: Import-Package: javax.activation
         Unresolved requirement: Import-Package: javax.xml.bind.annotation.adapters
           -&gt; Export-Package: javax.xml.bind.annotation.adapters; bundle-symbolic-name=&quot;jakarta.xml.bind-api&quot;; bundle-version=&quot;2.3.3&quot;; version=&quot;2.3.3&quot;
  Unresolved requirement: Import-Package: javax.ws.rs.client; version=&quot;[2.1.0,3.0.0)&quot;
    -&gt; Export-Package: javax.ws.rs.client; bundle-symbolic-name=&quot;org.apache.aries.javax.jax.rs-api&quot;; bundle-version=&quot;1.0.4&quot;; version=&quot;2.1.0&quot;; uses:=&quot;javax.net.ssl,javax.ws.rs,javax.ws.rs.core&quot;


org.apache.cxf.cxf-rt-security [15];3.4.3
    Could not resolve module: org.apache.cxf.cxf-rt-security [15]
  Unresolved requirement: Import-Package: org.apache.cxf.common.classloader; version=&quot;[3.4.0,4.0.0)&quot;
    -&gt; Export-Package: org.apache.cxf.common.classloader; bundle-symbolic-name=&quot;org.apache.cxf.cxf-core&quot;; bundle-version=&quot;3.4.3&quot;; version=&quot;3.4.3&quot;
       org.apache.cxf.cxf-core [11]
         Unresolved requirement: Import-Package: com.sun.msv.grammar; version=&quot;[2013.6.0,2014.0.0)&quot;; resolution:=&quot;optional&quot;
         Unresolved requirement: Import-Package: com.sun.msv.grammar.xmlschema; version=&quot;[2013.6.0,2014.0.0)&quot;; resolution:=&quot;optional&quot;
         Unresolved requirement: Import-Package: com.sun.msv.reader; version=&quot;[2013.6.0,2014.0.0)&quot;; resolution:=&quot;optional&quot;
         Unresolved requirement: Import-Package: com.sun.msv.reader.xmlschema; version=&quot;[2013.6.0,2014.0.0)&quot;; resolution:=&quot;optional&quot;
         Unresolved requirement: Import-Package: com.sun.tools.internal.xjc.api; resolution:=&quot;optional&quot;
         Unresolved requirement: Import-Package: com.sun.xml.internal.messaging.saaj.soap; resolution:=&quot;optional&quot;
         Unresolved requirement: Import-Package: com.sun.xml.messaging.saaj.soap; resolution:=&quot;optional&quot;
         Unresolved requirement: Import-Package: javax.activation; version=&quot;[0.0.0,2.0.0)&quot;
         Unresolved requirement: Import-Package: com.sun.tools.xjc.api; resolution:=&quot;optional&quot;
           -&gt; Export-Package: com.sun.tools.xjc.api; bundle-symbolic-name=&quot;com.sun.xml.bind.jaxb-osgi&quot;; bundle-version=&quot;2.3.3&quot;; version=&quot;2.3.3&quot;; uses:=&quot;com.sun.codemodel,com.sun.tools.xjc,com.sun.xml.bind.api,javax.annotation.processing,javax.lang.model.element,javax.lang.model.type,javax.xml.bind,javax.xml.namespace,javax.xml.stream,javax.xml.transform,org.w3c.dom,org.xml.sax&quot;
              com.sun.xml.bind.jaxb-osgi [5]
                Unresolved requirement: Import-Package: javax.xml.bind; version=&quot;2.3.0&quot;
                  -&gt; Export-Package: javax.xml.bind; bundle-symbolic-name=&quot;jakarta.xml.bind-api&quot;; bundle-version=&quot;2.3.3&quot;; version=&quot;2.3.3&quot;; uses:=&quot;javax.xml.bind.annotation.adapters,javax.xml.bind.attachment,javax.xml.namespace,javax.xml.stream,javax.xml.transform,javax.xml.validation,org.w3c.dom,org.xml.sax&quot;
                     jakarta.xml.bind-api [6]
                       Unresolved requirement: Import-Package: javax.activation
                Unresolved requirement: Import-Package: javax.xml.bind.annotation; version=&quot;2.3.0&quot;
                  -&gt; Export-Package: javax.xml.bind.annotation; bundle-symbolic-name=&quot;jakarta.xml.bind-api&quot;; bundle-version=&quot;2.3.3&quot;; version=&quot;2.3.3&quot;; uses:=&quot;javax.xml.bind,javax.xml.parsers,javax.xml.transform,javax.xml.transform.dom,org.w3c.dom&quot;
         Unresolved requirement: Import-Package: com.sun.xml.bind.marshaller; version=&quot;[2.3.0,3.0.0)&quot;; resolution:=&quot;optional&quot;
           -&gt; Export-Package: com.sun.xml.bind.marshaller; bundle-symbolic-name=&quot;com.sun.xml.bind.jaxb-osgi&quot;; bundle-version=&quot;2.3.3&quot;; version=&quot;2.3.3&quot;; uses:=&quot;javax.xml.parsers,org.w3c.dom,org.xml.sax,org.xml.sax.helpers&quot;
         Unresolved requirement: Import-Package: com.sun.xml.bind.api; version=&quot;[2.3.0,3.0.0)&quot;; resolution:=&quot;optional&quot;
           -&gt; Export-Package: com.sun.xml.bind.api; bundle-symbolic-name=&quot;com.sun.xml.bind.jaxb-osgi&quot;; bundle-version=&quot;2.3.3&quot;; version=&quot;2.3.3&quot;; uses:=&quot;com.sun.xml.bind.v2.model.annotation,com.sun.xml.bind.v2.model.runtime,com.sun.xml.bind.v2.runtime,javax.xml.bind,javax.xml.bind.attachment,javax.xml.namespace,javax.xml.stream,javax.xml.transform,org.w3c.dom,org.xml.sax&quot;
         Unresolved requirement: Import-Package: com.sun.xml.fastinfoset.stax; version=&quot;[1.2.0,2.0.0)&quot;; resolution:=&quot;optional&quot;
           -&gt; Export-Package: com.sun.xml.fastinfoset.stax; bundle-symbolic-name=&quot;com.sun.xml.bind.jaxb-osgi&quot;; bundle-version=&quot;2.3.3&quot;; version=&quot;1.2.18&quot;; uses:=&quot;com.sun.xml.fastinfoset,com.sun.xml.fastinfoset.sax,com.sun.xml.fastinfoset.util,javax.xml.namespace,javax.xml.stream,org.jvnet.fastinfoset,org.jvnet.fastinfoset.stax&quot;
  Unresolved requirement: Import-Package: org.apache.cxf; version=&quot;[3.4.0,4.0.0)&quot;
    -&gt; Export-Package: org.apache.cxf; bundle-symbolic-name=&quot;org.apache.cxf.cxf-core&quot;; bundle-version=&quot;3.4.3&quot;; version=&quot;3.4.3&quot;


org.apache.cxf.cxf-rt-transports-http [16];3.4.3
    Could not resolve module: org.apache.cxf.cxf-rt-transports-http [16]
  Unresolved requirement: Import-Package: com.sun.activation.registries; version=&quot;[1.2.0,2.0.0)&quot;; resolution:=&quot;optional&quot;
  Unresolved requirement: Import-Package: javax.activation; version=&quot;[0.0.0,2.0.0)&quot;


org.osgi.service.jaxrs [24];1.0.0.201802012106
    Could not resolve module: org.osgi.service.jaxrs [24]
  Unresolved requirement: Import-Package: javax.ws.rs.core
    -&gt; Export-Package: javax.ws.rs.core; bundle-symbolic-name=&quot;org.apache.aries.javax.jax.rs-api&quot;; bundle-version=&quot;1.0.4&quot;; version=&quot;2.1.0&quot;; uses:=&quot;javax.ws.rs,javax.xml.bind.annotation,javax.xml.bind.annotation.adapters,javax.xml.namespace&quot;
       org.apache.aries.javax.jax.rs-api [8]
         Unresolved requirement: Import-Package: org.apache.geronimo.osgi.registry.api; resolution:=&quot;optional&quot;
         Unresolved requirement: Import-Package: javax.xml.bind.annotation
           -&gt; Export-Package: javax.xml.bind.annotation; bundle-symbolic-name=&quot;jakarta.xml.bind-api&quot;; bundle-version=&quot;2.3.3&quot;; version=&quot;2.3.3&quot;; uses:=&quot;javax.xml.bind,javax.xml.parsers,javax.xml.transform,javax.xml.transform.dom,org.w3c.dom&quot;
              jakarta.xml.bind-api [6]
                Unresolved requirement: Import-Package: javax.activation
         Unresolved requirement: Import-Package: javax.xml.bind.annotation.adapters
           -&gt; Export-Package: javax.xml.bind.annotation.adapters; bundle-symbolic-name=&quot;jakarta.xml.bind-api&quot;; bundle-version=&quot;2.3.3&quot;; version=&quot;2.3.3&quot;
  Unresolved requirement: Import-Package: javax.ws.rs.client
    -&gt; Export-Package: javax.ws.rs.client; bundle-symbolic-name=&quot;org.apache.aries.javax.jax.rs-api&quot;; bundle-version=&quot;1.0.4&quot;; version=&quot;2.1.0&quot;; uses:=&quot;javax.net.ssl,javax.ws.rs,javax.ws.rs.core&quot;


org.osgi.test.cases.jaxrs [25];8.0.0.202109232339-SNAPSHOT
    Could not resolve module: org.osgi.test.cases.jaxrs [25]
  Unresolved requirement: Import-Package: org.osgi.service.jaxrs.runtime.dto; version=&quot;[1.0.0,2.0.0)&quot;
    -&gt; Export-Package: org.osgi.service.jaxrs.runtime.dto; bundle-symbolic-name=&quot;org.osgi.service.jaxrs&quot;; bundle-version=&quot;1.0.0.201802012106&quot;; version=&quot;1.0.0&quot;; uses:=&quot;org.osgi.dto,org.osgi.framework.dto&quot;
       org.osgi.service.jaxrs [24]
         Unresolved requirement: Import-Package: javax.ws.rs.core
           -&gt; Export-Package: javax.ws.rs.core; bundle-symbolic-name=&quot;org.apache.aries.javax.jax.rs-api&quot;; bundle-version=&quot;1.0.4&quot;; version=&quot;2.1.0&quot;; uses:=&quot;javax.ws.rs,javax.xml.bind.annotation,javax.xml.bind.annotation.adapters,javax.xml.namespace&quot;
              org.apache.aries.javax.jax.rs-api [8]
                Unresolved requirement: Import-Package: org.apache.geronimo.osgi.registry.api; resolution:=&quot;optional&quot;
                Unresolved requirement: Import-Package: javax.xml.bind.annotation
                  -&gt; Export-Package: javax.xml.bind.annotation; bundle-symbolic-name=&quot;jakarta.xml.bind-api&quot;; bundle-version=&quot;2.3.3&quot;; version=&quot;2.3.3&quot;; uses:=&quot;javax.xml.bind,javax.xml.parsers,javax.xml.transform,javax.xml.transform.dom,org.w3c.dom&quot;
                     jakarta.xml.bind-api [6]
                       Unresolved requirement: Import-Package: javax.activation
                Unresolved requirement: Import-Package: javax.xml.bind.annotation.adapters
                  -&gt; Export-Package: javax.xml.bind.annotation.adapters; bundle-symbolic-name=&quot;jakarta.xml.bind-api&quot;; bundle-version=&quot;2.3.3&quot;; version=&quot;2.3.3&quot;
         Unresolved requirement: Import-Package: javax.ws.rs.client
           -&gt; Export-Package: javax.ws.rs.client; bundle-symbolic-name=&quot;org.apache.aries.javax.jax.rs-api&quot;; bundle-version=&quot;1.0.4&quot;; version=&quot;2.1.0&quot;; uses:=&quot;javax.net.ssl,javax.ws.rs,javax.ws.rs.core&quot;
  Unresolved requirement: Import-Package: org.osgi.service.jaxrs.runtime; version=&quot;[1.0.0,2.0.0)&quot;
    -&gt; Export-Package: org.osgi.service.jaxrs.runtime; bundle-symbolic-name=&quot;org.osgi.service.jaxrs&quot;; bundle-version=&quot;1.0.0.201802012106&quot;; version=&quot;1.0.0&quot;; uses:=&quot;org.osgi.service.jaxrs.runtime.dto&quot;


"><![CDATA[junit.framework.AssertionFailedError: Unresolved bundles
com.sun.xml.bind.jaxb-osgi [5];2.3.3
    Could not resolve module: com.sun.xml.bind.jaxb-osgi [5]
  Unresolved requirement: Import-Package: javax.xml.bind; version="2.3.0"
    -> Export-Package: javax.xml.bind; bundle-symbolic-name="jakarta.xml.bind-api"; bundle-version="2.3.3"; version="2.3.3"; uses:="javax.xml.bind.annotation.adapters,javax.xml.bind.attachment,javax.xml.namespace,javax.xml.stream,javax.xml.transform,javax.xml.validation,org.w3c.dom,org.xml.sax"
       jakarta.xml.bind-api [6]
         Unresolved requirement: Import-Package: javax.activation
  Unresolved requirement: Import-Package: javax.xml.bind.annotation; version="2.3.0"
    -> Export-Package: javax.xml.bind.annotation; bundle-symbolic-name="jakarta.xml.bind-api"; bundle-version="2.3.3"; version="2.3.3"; uses:="javax.xml.bind,javax.xml.parsers,javax.xml.transform,javax.xml.transform.dom,org.w3c.dom"


jakarta.xml.bind-api [6];2.3.3
    Could not resolve module: jakarta.xml.bind-api [6]
  Unresolved requirement: Import-Package: javax.activation


org.apache.aries.javax.jax.rs-api [8];1.0.4
    Could not resolve module: org.apache.aries.javax.jax.rs-api [8]
  Unresolved requirement: Import-Package: org.apache.geronimo.osgi.registry.api; resolution:="optional"
  Unresolved requirement: Import-Package: javax.xml.bind.annotation
    -> Export-Package: javax.xml.bind.annotation; bundle-symbolic-name="jakarta.xml.bind-api"; bundle-version="2.3.3"; version="2.3.3"; uses:="javax.xml.bind,javax.xml.parsers,javax.xml.transform,javax.xml.transform.dom,org.w3c.dom"
       jakarta.xml.bind-api [6]
         Unresolved requirement: Import-Package: javax.activation
  Unresolved requirement: Import-Package: javax.xml.bind.annotation.adapters
    -> Export-Package: javax.xml.bind.annotation.adapters; bundle-symbolic-name="jakarta.xml.bind-api"; bundle-version="2.3.3"; version="2.3.3"


org.apache.aries.jax.rs.whiteboard [9];2.0.1
    Could not resolve module: org.apache.aries.jax.rs.whiteboard [9]
  Unresolved requirement: Import-Package: com.sun.xml.bind.annotation; version="[2.3.0,3.0.0)"
    -> Export-Package: com.sun.xml.bind.annotation; bundle-symbolic-name="com.sun.xml.bind.jaxb-osgi"; bundle-version="2.3.3"; version="2.3.3"
       com.sun.xml.bind.jaxb-osgi [5]
         Unresolved requirement: Import-Package: javax.xml.bind; version="2.3.0"
           -> Export-Package: javax.xml.bind; bundle-symbolic-name="jakarta.xml.bind-api"; bundle-version="2.3.3"; version="2.3.3"; uses:="javax.xml.bind.annotation.adapters,javax.xml.bind.attachment,javax.xml.namespace,javax.xml.stream,javax.xml.transform,javax.xml.validation,org.w3c.dom,org.xml.sax"
              jakarta.xml.bind-api [6]
                Unresolved requirement: Import-Package: javax.activation
         Unresolved requirement: Import-Package: javax.xml.bind.annotation; version="2.3.0"
           -> Export-Package: javax.xml.bind.annotation; bundle-symbolic-name="jakarta.xml.bind-api"; bundle-version="2.3.3"; version="2.3.3"; uses:="javax.xml.bind,javax.xml.parsers,javax.xml.transform,javax.xml.transform.dom,org.w3c.dom"
  Unresolved requirement: Import-Package: javax.ws.rs.client
    -> Export-Package: javax.ws.rs.client; bundle-symbolic-name="org.apache.aries.javax.jax.rs-api"; bundle-version="1.0.4"; version="2.1.0"; uses:="javax.net.ssl,javax.ws.rs,javax.ws.rs.core"
       org.apache.aries.javax.jax.rs-api [8]
         Unresolved requirement: Import-Package: org.apache.geronimo.osgi.registry.api; resolution:="optional"
         Unresolved requirement: Import-Package: javax.xml.bind.annotation
           -> Export-Package: javax.xml.bind.annotation; bundle-symbolic-name="jakarta.xml.bind-api"; bundle-version="2.3.3"; version="2.3.3"; uses:="javax.xml.bind,javax.xml.parsers,javax.xml.transform,javax.xml.transform.dom,org.w3c.dom"
  Unresolved requirement: Import-Package: javax.ws.rs
    -> Export-Package: javax.ws.rs; bundle-symbolic-name="org.apache.aries.javax.jax.rs-api"; bundle-version="1.0.4"; version="2.1.0"; uses:="javax.ws.rs.core"


org.apache.cxf.cxf-core [11];3.4.3
    Could not resolve module: org.apache.cxf.cxf-core [11]
  Unresolved requirement: Import-Package: com.sun.msv.grammar; version="[2013.6.0,2014.0.0)"; resolution:="optional"
  Unresolved requirement: Import-Package: com.sun.msv.grammar.xmlschema; version="[2013.6.0,2014.0.0)"; resolution:="optional"
  Unresolved requirement: Import-Package: com.sun.msv.reader; version="[2013.6.0,2014.0.0)"; resolution:="optional"
  Unresolved requirement: Import-Package: com.sun.msv.reader.xmlschema; version="[2013.6.0,2014.0.0)"; resolution:="optional"
  Unresolved requirement: Import-Package: com.sun.tools.internal.xjc.api; resolution:="optional"
  Unresolved requirement: Import-Package: com.sun.xml.internal.messaging.saaj.soap; resolution:="optional"
  Unresolved requirement: Import-Package: com.sun.xml.messaging.saaj.soap; resolution:="optional"
  Unresolved requirement: Import-Package: javax.activation; version="[0.0.0,2.0.0)"
  Unresolved requirement: Import-Package: com.sun.tools.xjc.api; resolution:="optional"
    -> Export-Package: com.sun.tools.xjc.api; bundle-symbolic-name="com.sun.xml.bind.jaxb-osgi"; bundle-version="2.3.3"; version="2.3.3"; uses:="com.sun.codemodel,com.sun.tools.xjc,com.sun.xml.bind.api,javax.annotation.processing,javax.lang.model.element,javax.lang.model.type,javax.xml.bind,javax.xml.namespace,javax.xml.stream,javax.xml.transform,org.w3c.dom,org.xml.sax"
       com.sun.xml.bind.jaxb-osgi [5]
         Unresolved requirement: Import-Package: javax.xml.bind; version="2.3.0"
           -> Export-Package: javax.xml.bind; bundle-symbolic-name="jakarta.xml.bind-api"; bundle-version="2.3.3"; version="2.3.3"; uses:="javax.xml.bind.annotation.adapters,javax.xml.bind.attachment,javax.xml.namespace,javax.xml.stream,javax.xml.transform,javax.xml.validation,org.w3c.dom,org.xml.sax"
              jakarta.xml.bind-api [6]
                Unresolved requirement: Import-Package: javax.activation
         Unresolved requirement: Import-Package: javax.xml.bind.annotation; version="2.3.0"
           -> Export-Package: javax.xml.bind.annotation; bundle-symbolic-name="jakarta.xml.bind-api"; bundle-version="2.3.3"; version="2.3.3"; uses:="javax.xml.bind,javax.xml.parsers,javax.xml.transform,javax.xml.transform.dom,org.w3c.dom"
  Unresolved requirement: Import-Package: com.sun.xml.bind.marshaller; version="[2.3.0,3.0.0)"; resolution:="optional"
    -> Export-Package: com.sun.xml.bind.marshaller; bundle-symbolic-name="com.sun.xml.bind.jaxb-osgi"; bundle-version="2.3.3"; version="2.3.3"; uses:="javax.xml.parsers,org.w3c.dom,org.xml.sax,org.xml.sax.helpers"
  Unresolved requirement: Import-Package: com.sun.xml.bind.api; version="[2.3.0,3.0.0)"; resolution:="optional"
    -> Export-Package: com.sun.xml.bind.api; bundle-symbolic-name="com.sun.xml.bind.jaxb-osgi"; bundle-version="2.3.3"; version="2.3.3"; uses:="com.sun.xml.bind.v2.model.annotation,com.sun.xml.bind.v2.model.runtime,com.sun.xml.bind.v2.runtime,javax.xml.bind,javax.xml.bind.attachment,javax.xml.namespace,javax.xml.stream,javax.xml.transform,org.w3c.dom,org.xml.sax"
  Unresolved requirement: Import-Package: com.sun.xml.fastinfoset.stax; version="[1.2.0,2.0.0)"; resolution:="optional"
    -> Export-Package: com.sun.xml.fastinfoset.stax; bundle-symbolic-name="com.sun.xml.bind.jaxb-osgi"; bundle-version="2.3.3"; version="1.2.18"; uses:="com.sun.xml.fastinfoset,com.sun.xml.fastinfoset.sax,com.sun.xml.fastinfoset.util,javax.xml.namespace,javax.xml.stream,org.jvnet.fastinfoset,org.jvnet.fastinfoset.stax"


org.apache.cxf.cxf-rt-frontend-jaxrs [12];3.4.3
    Could not resolve module: org.apache.cxf.cxf-rt-frontend-jaxrs [12]
  Unresolved requirement: Import-Package: javax.activation; version="[0.0.0,2.0.0)"


org.apache.cxf.cxf-rt-rs-client [13];3.4.3
    Could not resolve module: org.apache.cxf.cxf-rt-rs-client [13]
  Unresolved requirement: Import-Package: javax.cache; version="[1.1.0,2.0.0)"; resolution:="optional"
  Unresolved requirement: Import-Package: javax.cache.configuration; version="[1.1.0,2.0.0)"; resolution:="optional"
  Unresolved requirement: Import-Package: javax.cache.spi; version="[1.1.0,2.0.0)"; resolution:="optional"
  Unresolved requirement: Import-Package: javax.ws.rs.client; version="[2.1.0,3.0.0)"
    -> Export-Package: javax.ws.rs.client; bundle-symbolic-name="org.apache.aries.javax.jax.rs-api"; bundle-version="1.0.4"; version="2.1.0"; uses:="javax.net.ssl,javax.ws.rs,javax.ws.rs.core"
       org.apache.aries.javax.jax.rs-api [8]
         Unresolved requirement: Import-Package: org.apache.geronimo.osgi.registry.api; resolution:="optional"
         Unresolved requirement: Import-Package: javax.xml.bind.annotation
           -> Export-Package: javax.xml.bind.annotation; bundle-symbolic-name="jakarta.xml.bind-api"; bundle-version="2.3.3"; version="2.3.3"; uses:="javax.xml.bind,javax.xml.parsers,javax.xml.transform,javax.xml.transform.dom,org.w3c.dom"
              jakarta.xml.bind-api [6]
                Unresolved requirement: Import-Package: javax.activation
         Unresolved requirement: Import-Package: javax.xml.bind.annotation.adapters
           -> Export-Package: javax.xml.bind.annotation.adapters; bundle-symbolic-name="jakarta.xml.bind-api"; bundle-version="2.3.3"; version="2.3.3"
  Unresolved requirement: Import-Package: javax.ws.rs; version="[2.1.0,3.0.0)"
    -> Export-Package: javax.ws.rs; bundle-symbolic-name="org.apache.aries.javax.jax.rs-api"; bundle-version="1.0.4"; version="2.1.0"; uses:="javax.ws.rs.core"


org.apache.cxf.cxf-rt-rs-sse [14];3.4.3
    Could not resolve module: org.apache.cxf.cxf-rt-rs-sse [14]
  Unresolved requirement: Import-Package: javax.ws.rs; version="[2.1.0,3.0.0)"
    -> Export-Package: javax.ws.rs; bundle-symbolic-name="org.apache.aries.javax.jax.rs-api"; bundle-version="1.0.4"; version="2.1.0"; uses:="javax.ws.rs.core"
       org.apache.aries.javax.jax.rs-api [8]
         Unresolved requirement: Import-Package: org.apache.geronimo.osgi.registry.api; resolution:="optional"
         Unresolved requirement: Import-Package: javax.xml.bind.annotation
           -> Export-Package: javax.xml.bind.annotation; bundle-symbolic-name="jakarta.xml.bind-api"; bundle-version="2.3.3"; version="2.3.3"; uses:="javax.xml.bind,javax.xml.parsers,javax.xml.transform,javax.xml.transform.dom,org.w3c.dom"
              jakarta.xml.bind-api [6]
                Unresolved requirement: Import-Package: javax.activation
         Unresolved requirement: Import-Package: javax.xml.bind.annotation.adapters
           -> Export-Package: javax.xml.bind.annotation.adapters; bundle-symbolic-name="jakarta.xml.bind-api"; bundle-version="2.3.3"; version="2.3.3"
  Unresolved requirement: Import-Package: javax.ws.rs.client; version="[2.1.0,3.0.0)"
    -> Export-Package: javax.ws.rs.client; bundle-symbolic-name="org.apache.aries.javax.jax.rs-api"; bundle-version="1.0.4"; version="2.1.0"; uses:="javax.net.ssl,javax.ws.rs,javax.ws.rs.core"


org.apache.cxf.cxf-rt-security [15];3.4.3
    Could not resolve module: org.apache.cxf.cxf-rt-security [15]
  Unresolved requirement: Import-Package: org.apache.cxf.common.classloader; version="[3.4.0,4.0.0)"
    -> Export-Package: org.apache.cxf.common.classloader; bundle-symbolic-name="org.apache.cxf.cxf-core"; bundle-version="3.4.3"; version="3.4.3"
       org.apache.cxf.cxf-core [11]
         Unresolved requirement: Import-Package: com.sun.msv.grammar; version="[2013.6.0,2014.0.0)"; resolution:="optional"
         Unresolved requirement: Import-Package: com.sun.msv.grammar.xmlschema; version="[2013.6.0,2014.0.0)"; resolution:="optional"
         Unresolved requirement: Import-Package: com.sun.msv.reader; version="[2013.6.0,2014.0.0)"; resolution:="optional"
         Unresolved requirement: Import-Package: com.sun.msv.reader.xmlschema; version="[2013.6.0,2014.0.0)"; resolution:="optional"
         Unresolved requirement: Import-Package: com.sun.tools.internal.xjc.api; resolution:="optional"
         Unresolved requirement: Import-Package: com.sun.xml.internal.messaging.saaj.soap; resolution:="optional"
         Unresolved requirement: Import-Package: com.sun.xml.messaging.saaj.soap; resolution:="optional"
         Unresolved requirement: Import-Package: javax.activation; version="[0.0.0,2.0.0)"
         Unresolved requirement: Import-Package: com.sun.tools.xjc.api; resolution:="optional"
           -> Export-Package: com.sun.tools.xjc.api; bundle-symbolic-name="com.sun.xml.bind.jaxb-osgi"; bundle-version="2.3.3"; version="2.3.3"; uses:="com.sun.codemodel,com.sun.tools.xjc,com.sun.xml.bind.api,javax.annotation.processing,javax.lang.model.element,javax.lang.model.type,javax.xml.bind,javax.xml.namespace,javax.xml.stream,javax.xml.transform,org.w3c.dom,org.xml.sax"
              com.sun.xml.bind.jaxb-osgi [5]
                Unresolved requirement: Import-Package: javax.xml.bind; version="2.3.0"
                  -> Export-Package: javax.xml.bind; bundle-symbolic-name="jakarta.xml.bind-api"; bundle-version="2.3.3"; version="2.3.3"; uses:="javax.xml.bind.annotation.adapters,javax.xml.bind.attachment,javax.xml.namespace,javax.xml.stream,javax.xml.transform,javax.xml.validation,org.w3c.dom,org.xml.sax"
                     jakarta.xml.bind-api [6]
                       Unresolved requirement: Import-Package: javax.activation
                Unresolved requirement: Import-Package: javax.xml.bind.annotation; version="2.3.0"
                  -> Export-Package: javax.xml.bind.annotation; bundle-symbolic-name="jakarta.xml.bind-api"; bundle-version="2.3.3"; version="2.3.3"; uses:="javax.xml.bind,javax.xml.parsers,javax.xml.transform,javax.xml.transform.dom,org.w3c.dom"
         Unresolved requirement: Import-Package: com.sun.xml.bind.marshaller; version="[2.3.0,3.0.0)"; resolution:="optional"
           -> Export-Package: com.sun.xml.bind.marshaller; bundle-symbolic-name="com.sun.xml.bind.jaxb-osgi"; bundle-version="2.3.3"; version="2.3.3"; uses:="javax.xml.parsers,org.w3c.dom,org.xml.sax,org.xml.sax.helpers"
         Unresolved requirement: Import-Package: com.sun.xml.bind.api; version="[2.3.0,3.0.0)"; resolution:="optional"
           -> Export-Package: com.sun.xml.bind.api; bundle-symbolic-name="com.sun.xml.bind.jaxb-osgi"; bundle-version="2.3.3"; version="2.3.3"; uses:="com.sun.xml.bind.v2.model.annotation,com.sun.xml.bind.v2.model.runtime,com.sun.xml.bind.v2.runtime,javax.xml.bind,javax.xml.bind.attachment,javax.xml.namespace,javax.xml.stream,javax.xml.transform,org.w3c.dom,org.xml.sax"
         Unresolved requirement: Import-Package: com.sun.xml.fastinfoset.stax; version="[1.2.0,2.0.0)"; resolution:="optional"
           -> Export-Package: com.sun.xml.fastinfoset.stax; bundle-symbolic-name="com.sun.xml.bind.jaxb-osgi"; bundle-version="2.3.3"; version="1.2.18"; uses:="com.sun.xml.fastinfoset,com.sun.xml.fastinfoset.sax,com.sun.xml.fastinfoset.util,javax.xml.namespace,javax.xml.stream,org.jvnet.fastinfoset,org.jvnet.fastinfoset.stax"
  Unresolved requirement: Import-Package: org.apache.cxf; version="[3.4.0,4.0.0)"
    -> Export-Package: org.apache.cxf; bundle-symbolic-name="org.apache.cxf.cxf-core"; bundle-version="3.4.3"; version="3.4.3"


org.apache.cxf.cxf-rt-transports-http [16];3.4.3
    Could not resolve module: org.apache.cxf.cxf-rt-transports-http [16]
  Unresolved requirement: Import-Package: com.sun.activation.registries; version="[1.2.0,2.0.0)"; resolution:="optional"
  Unresolved requirement: Import-Package: javax.activation; version="[0.0.0,2.0.0)"


org.osgi.service.jaxrs [24];1.0.0.201802012106
    Could not resolve module: org.osgi.service.jaxrs [24]
  Unresolved requirement: Import-Package: javax.ws.rs.core
    -> Export-Package: javax.ws.rs.core; bundle-symbolic-name="org.apache.aries.javax.jax.rs-api"; bundle-version="1.0.4"; version="2.1.0"; uses:="javax.ws.rs,javax.xml.bind.annotation,javax.xml.bind.annotation.adapters,javax.xml.namespace"
       org.apache.aries.javax.jax.rs-api [8]
         Unresolved requirement: Import-Package: org.apache.geronimo.osgi.registry.api; resolution:="optional"
         Unresolved requirement: Import-Package: javax.xml.bind.annotation
           -> Export-Package: javax.xml.bind.annotation; bundle-symbolic-name="jakarta.xml.bind-api"; bundle-version="2.3.3"; version="2.3.3"; uses:="javax.xml.bind,javax.xml.parsers,javax.xml.transform,javax.xml.transform.dom,org.w3c.dom"
              jakarta.xml.bind-api [6]
                Unresolved requirement: Import-Package: javax.activation
         Unresolved requirement: Import-Package: javax.xml.bind.annotation.adapters
           -> Export-Package: javax.xml.bind.annotation.adapters; bundle-symbolic-name="jakarta.xml.bind-api"; bundle-version="2.3.3"; version="2.3.3"
  Unresolved requirement: Import-Package: javax.ws.rs.client
    -> Export-Package: javax.ws.rs.client; bundle-symbolic-name="org.apache.aries.javax.jax.rs-api"; bundle-version="1.0.4"; version="2.1.0"; uses:="javax.net.ssl,javax.ws.rs,javax.ws.rs.core"


org.osgi.test.cases.jaxrs [25];8.0.0.202109232339-SNAPSHOT
    Could not resolve module: org.osgi.test.cases.jaxrs [25]
  Unresolved requirement: Import-Package: org.osgi.service.jaxrs.runtime.dto; version="[1.0.0,2.0.0)"
    -> Export-Package: org.osgi.service.jaxrs.runtime.dto; bundle-symbolic-name="org.osgi.service.jaxrs"; bundle-version="1.0.0.201802012106"; version="1.0.0"; uses:="org.osgi.dto,org.osgi.framework.dto"
       org.osgi.service.jaxrs [24]
         Unresolved requirement: Import-Package: javax.ws.rs.core
           -> Export-Package: javax.ws.rs.core; bundle-symbolic-name="org.apache.aries.javax.jax.rs-api"; bundle-version="1.0.4"; version="2.1.0"; uses:="javax.ws.rs,javax.xml.bind.annotation,javax.xml.bind.annotation.adapters,javax.xml.namespace"
              org.apache.aries.javax.jax.rs-api [8]
                Unresolved requirement: Import-Package: org.apache.geronimo.osgi.registry.api; resolution:="optional"
                Unresolved requirement: Import-Package: javax.xml.bind.annotation
                  -> Export-Package: javax.xml.bind.annotation; bundle-symbolic-name="jakarta.xml.bind-api"; bundle-version="2.3.3"; version="2.3.3"; uses:="javax.xml.bind,javax.xml.parsers,javax.xml.transform,javax.xml.transform.dom,org.w3c.dom"
                     jakarta.xml.bind-api [6]
                       Unresolved requirement: Import-Package: javax.activation
                Unresolved requirement: Import-Package: javax.xml.bind.annotation.adapters
                  -> Export-Package: javax.xml.bind.annotation.adapters; bundle-symbolic-name="jakarta.xml.bind-api"; bundle-version="2.3.3"; version="2.3.3"
         Unresolved requirement: Import-Package: javax.ws.rs.client
           -> Export-Package: javax.ws.rs.client; bundle-symbolic-name="org.apache.aries.javax.jax.rs-api"; bundle-version="1.0.4"; version="2.1.0"; uses:="javax.net.ssl,javax.ws.rs,javax.ws.rs.core"
  Unresolved requirement: Import-Package: org.osgi.service.jaxrs.runtime; version="[1.0.0,2.0.0)"
    -> Export-Package: org.osgi.service.jaxrs.runtime; bundle-symbolic-name="org.osgi.service.jaxrs"; bundle-version="1.0.0.201802012106"; version="1.0.0"; uses:="org.osgi.service.jaxrs.runtime.dto"



 at junit.framework.Assert.fail(Assert.java:57)
 at junit.framework.Assert.assertTrue(Assert.java:22)
 at junit.framework.TestCase.assertTrue(TestCase.java:192)
 at aQute.junit.UnresolvedTester.testAllResolved(UnresolvedTester.java:51)
 at java.base/jdk.internal.reflect.NativeMethodAccessorImpl.invoke0(Native Method)
 at java.base/jdk.internal.reflect.NativeMethodAccessorImpl.invoke(NativeMethodAccessorImpl.java:77)
 at java.base/jdk.internal.reflect.DelegatingMethodAccessorImpl.invoke(DelegatingMethodAccessorImpl.java:43)
 at java.base/java.lang.reflect.Method.invoke(Method.java:568)
 at junit.framework.TestCase.runTest(TestCase.java:177)
 at junit.framework.TestCase.runBare(TestCase.java:142)
 at junit.framework.TestResult$1.protect(TestResult.java:122)
 at junit.framework.TestResult.runProtected(TestResult.java:142)
 at junit.framework.TestResult.run(TestResult.java:125)
 at junit.framework.TestCase.run(TestCase.java:130)
 at junit.framework.TestSuite.runTest(TestSuite.java:241)
 at junit.framework.TestSuite.run(TestSuite.java:236)
 at junit.framework.TestSuite.runTest(TestSuite.java:241)
 at junit.framework.TestSuite.run(TestSuite.java:236)
 at aQute.junit.Activator.test(Activator.java:354)
 at aQute.junit.Activator.run(Activator.java:169)
 at java.base/java.util.concurrent.Executors$RunnableAdapter.call(Executors.java:539)
 at aQute.launcher.Launcher.launch(Launcher.java:450)
 at aQute.launcher.Launcher.run(Launcher.java:184)
 at aQute.launcher.Launcher.main(Launcher.java:160)
 at aQute.launcher.pre.EmbeddedLauncher.executeWithRunPath(EmbeddedLauncher.java:170)
 at aQute.launcher.pre.EmbeddedLauncher.findAndExecute(EmbeddedLauncher.java:135)
 at aQute.launcher.pre.EmbeddedLauncher.main(EmbeddedLauncher.java:52)
]]>
    </failure>
    <system-err><![CDATA[Could not resolve module: com.sun.xml.bind.jaxb-osgi [5]
  Unresolved requirement: Import-Package: javax.xml.bind; version="2.3.0"
    -> Export-Package: javax.xml.bind; bundle-symbolic-name="jakarta.xml.bind-api"; bundle-version="2.3.3"; version="2.3.3"; uses:="javax.xml.bind.annotation.adapters,javax.xml.bind.attachment,javax.xml.namespace,javax.xml.stream,javax.xml.transform,javax.xml.validation,org.w3c.dom,org.xml.sax"
       jakarta.xml.bind-api [6]
         Unresolved requirement: Import-Package: javax.activation
  Unresolved requirement: Import-Package: javax.xml.bind.annotation; version="2.3.0"
    -> Export-Package: javax.xml.bind.annotation; bundle-symbolic-name="jakarta.xml.bind-api"; bundle-version="2.3.3"; version="2.3.3"; uses:="javax.xml.bind,javax.xml.parsers,javax.xml.transform,javax.xml.transform.dom,org.w3c.dom"

Could not resolve module: jakarta.xml.bind-api [6]
  Unresolved requirement: Import-Package: javax.activation

Could not resolve module: org.apache.aries.javax.jax.rs-api [8]
  Unresolved requirement: Import-Package: org.apache.geronimo.osgi.registry.api; resolution:="optional"
  Unresolved requirement: Import-Package: javax.xml.bind.annotation
    -> Export-Package: javax.xml.bind.annotation; bundle-symbolic-name="jakarta.xml.bind-api"; bundle-version="2.3.3"; version="2.3.3"; uses:="javax.xml.bind,javax.xml.parsers,javax.xml.transform,javax.xml.transform.dom,org.w3c.dom"
       jakarta.xml.bind-api [6]
         Unresolved requirement: Import-Package: javax.activation
  Unresolved requirement: Import-Package: javax.xml.bind.annotation.adapters
    -> Export-Package: javax.xml.bind.annotation.adapters; bundle-symbolic-name="jakarta.xml.bind-api"; bundle-version="2.3.3"; version="2.3.3"

Could not resolve module: org.apache.aries.jax.rs.whiteboard [9]
  Unresolved requirement: Import-Package: com.sun.xml.bind.annotation; version="[2.3.0,3.0.0)"
    -> Export-Package: com.sun.xml.bind.annotation; bundle-symbolic-name="com.sun.xml.bind.jaxb-osgi"; bundle-version="2.3.3"; version="2.3.3"
       com.sun.xml.bind.jaxb-osgi [5]
         Unresolved requirement: Import-Package: javax.xml.bind; version="2.3.0"
           -> Export-Package: javax.xml.bind; bundle-symbolic-name="jakarta.xml.bind-api"; bundle-version="2.3.3"; version="2.3.3"; uses:="javax.xml.bind.annotation.adapters,javax.xml.bind.attachment,javax.xml.namespace,javax.xml.stream,javax.xml.transform,javax.xml.validation,org.w3c.dom,org.xml.sax"
              jakarta.xml.bind-api [6]
                Unresolved requirement: Import-Package: javax.activation
         Unresolved requirement: Import-Package: javax.xml.bind.annotation; version="2.3.0"
           -> Export-Package: javax.xml.bind.annotation; bundle-symbolic-name="jakarta.xml.bind-api"; bundle-version="2.3.3"; version="2.3.3"; uses:="javax.xml.bind,javax.xml.parsers,javax.xml.transform,javax.xml.transform.dom,org.w3c.dom"
  Unresolved requirement: Import-Package: javax.ws.rs.client
    -> Export-Package: javax.ws.rs.client; bundle-symbolic-name="org.apache.aries.javax.jax.rs-api"; bundle-version="1.0.4"; version="2.1.0"; uses:="javax.net.ssl,javax.ws.rs,javax.ws.rs.core"
       org.apache.aries.javax.jax.rs-api [8]
         Unresolved requirement: Import-Package: org.apache.geronimo.osgi.registry.api; resolution:="optional"
         Unresolved requirement: Import-Package: javax.xml.bind.annotation
           -> Export-Package: javax.xml.bind.annotation; bundle-symbolic-name="jakarta.xml.bind-api"; bundle-version="2.3.3"; version="2.3.3"; uses:="javax.xml.bind,javax.xml.parsers,javax.xml.transform,javax.xml.transform.dom,org.w3c.dom"
  Unresolved requirement: Import-Package: javax.ws.rs
    -> Export-Package: javax.ws.rs; bundle-symbolic-name="org.apache.aries.javax.jax.rs-api"; bundle-version="1.0.4"; version="2.1.0"; uses:="javax.ws.rs.core"

Could not resolve module: org.apache.cxf.cxf-core [11]
  Unresolved requirement: Import-Package: com.sun.msv.grammar; version="[2013.6.0,2014.0.0)"; resolution:="optional"
  Unresolved requirement: Import-Package: com.sun.msv.grammar.xmlschema; version="[2013.6.0,2014.0.0)"; resolution:="optional"
  Unresolved requirement: Import-Package: com.sun.msv.reader; version="[2013.6.0,2014.0.0)"; resolution:="optional"
  Unresolved requirement: Import-Package: com.sun.msv.reader.xmlschema; version="[2013.6.0,2014.0.0)"; resolution:="optional"
  Unresolved requirement: Import-Package: com.sun.tools.internal.xjc.api; resolution:="optional"
  Unresolved requirement: Import-Package: com.sun.xml.internal.messaging.saaj.soap; resolution:="optional"
  Unresolved requirement: Import-Package: com.sun.xml.messaging.saaj.soap; resolution:="optional"
  Unresolved requirement: Import-Package: javax.activation; version="[0.0.0,2.0.0)"
  Unresolved requirement: Import-Package: com.sun.tools.xjc.api; resolution:="optional"
    -> Export-Package: com.sun.tools.xjc.api; bundle-symbolic-name="com.sun.xml.bind.jaxb-osgi"; bundle-version="2.3.3"; version="2.3.3"; uses:="com.sun.codemodel,com.sun.tools.xjc,com.sun.xml.bind.api,javax.annotation.processing,javax.lang.model.element,javax.lang.model.type,javax.xml.bind,javax.xml.namespace,javax.xml.stream,javax.xml.transform,org.w3c.dom,org.xml.sax"
       com.sun.xml.bind.jaxb-osgi [5]
         Unresolved requirement: Import-Package: javax.xml.bind; version="2.3.0"
           -> Export-Package: javax.xml.bind; bundle-symbolic-name="jakarta.xml.bind-api"; bundle-version="2.3.3"; version="2.3.3"; uses:="javax.xml.bind.annotation.adapters,javax.xml.bind.attachment,javax.xml.namespace,javax.xml.stream,javax.xml.transform,javax.xml.validation,org.w3c.dom,org.xml.sax"
              jakarta.xml.bind-api [6]
                Unresolved requirement: Import-Package: javax.activation
         Unresolved requirement: Import-Package: javax.xml.bind.annotation; version="2.3.0"
           -> Export-Package: javax.xml.bind.annotation; bundle-symbolic-name="jakarta.xml.bind-api"; bundle-version="2.3.3"; version="2.3.3"; uses:="javax.xml.bind,javax.xml.parsers,javax.xml.transform,javax.xml.transform.dom,org.w3c.dom"
  Unresolved requirement: Import-Package: com.sun.xml.bind.marshaller; version="[2.3.0,3.0.0)"; resolution:="optional"
    -> Export-Package: com.sun.xml.bind.marshaller; bundle-symbolic-name="com.sun.xml.bind.jaxb-osgi"; bundle-version="2.3.3"; version="2.3.3"; uses:="javax.xml.parsers,org.w3c.dom,org.xml.sax,org.xml.sax.helpers"
  Unresolved requirement: Import-Package: com.sun.xml.bind.api; version="[2.3.0,3.0.0)"; resolution:="optional"
    -> Export-Package: com.sun.xml.bind.api; bundle-symbolic-name="com.sun.xml.bind.jaxb-osgi"; bundle-version="2.3.3"; version="2.3.3"; uses:="com.sun.xml.bind.v2.model.annotation,com.sun.xml.bind.v2.model.runtime,com.sun.xml.bind.v2.runtime,javax.xml.bind,javax.xml.bind.attachment,javax.xml.namespace,javax.xml.stream,javax.xml.transform,org.w3c.dom,org.xml.sax"
  Unresolved requirement: Import-Package: com.sun.xml.fastinfoset.stax; version="[1.2.0,2.0.0)"; resolution:="optional"
    -> Export-Package: com.sun.xml.fastinfoset.stax; bundle-symbolic-name="com.sun.xml.bind.jaxb-osgi"; bundle-version="2.3.3"; version="1.2.18"; uses:="com.sun.xml.fastinfoset,com.sun.xml.fastinfoset.sax,com.sun.xml.fastinfoset.util,javax.xml.namespace,javax.xml.stream,org.jvnet.fastinfoset,org.jvnet.fastinfoset.stax"

Could not resolve module: org.apache.cxf.cxf-rt-frontend-jaxrs [12]
  Unresolved requirement: Import-Package: javax.activation; version="[0.0.0,2.0.0)"

Could not resolve module: org.apache.cxf.cxf-rt-rs-client [13]
  Unresolved requirement: Import-Package: javax.cache; version="[1.1.0,2.0.0)"; resolution:="optional"
  Unresolved requirement: Import-Package: javax.cache.configuration; version="[1.1.0,2.0.0)"; resolution:="optional"
  Unresolved requirement: Import-Package: javax.cache.spi; version="[1.1.0,2.0.0)"; resolution:="optional"
  Unresolved requirement: Import-Package: javax.ws.rs.client; version="[2.1.0,3.0.0)"
    -> Export-Package: javax.ws.rs.client; bundle-symbolic-name="org.apache.aries.javax.jax.rs-api"; bundle-version="1.0.4"; version="2.1.0"; uses:="javax.net.ssl,javax.ws.rs,javax.ws.rs.core"
       org.apache.aries.javax.jax.rs-api [8]
         Unresolved requirement: Import-Package: org.apache.geronimo.osgi.registry.api; resolution:="optional"
         Unresolved requirement: Import-Package: javax.xml.bind.annotation
           -> Export-Package: javax.xml.bind.annotation; bundle-symbolic-name="jakarta.xml.bind-api"; bundle-version="2.3.3"; version="2.3.3"; uses:="javax.xml.bind,javax.xml.parsers,javax.xml.transform,javax.xml.transform.dom,org.w3c.dom"
              jakarta.xml.bind-api [6]
                Unresolved requirement: Import-Package: javax.activation
         Unresolved requirement: Import-Package: javax.xml.bind.annotation.adapters
           -> Export-Package: javax.xml.bind.annotation.adapters; bundle-symbolic-name="jakarta.xml.bind-api"; bundle-version="2.3.3"; version="2.3.3"
  Unresolved requirement: Import-Package: javax.ws.rs; version="[2.1.0,3.0.0)"
    -> Export-Package: javax.ws.rs; bundle-symbolic-name="org.apache.aries.javax.jax.rs-api"; bundle-version="1.0.4"; version="2.1.0"; uses:="javax.ws.rs.core"

Could not resolve module: org.apache.cxf.cxf-rt-rs-sse [14]
  Unresolved requirement: Import-Package: javax.ws.rs; version="[2.1.0,3.0.0)"
    -> Export-Package: javax.ws.rs; bundle-symbolic-name="org.apache.aries.javax.jax.rs-api"; bundle-version="1.0.4"; version="2.1.0"; uses:="javax.ws.rs.core"
       org.apache.aries.javax.jax.rs-api [8]
         Unresolved requirement: Import-Package: org.apache.geronimo.osgi.registry.api; resolution:="optional"
         Unresolved requirement: Import-Package: javax.xml.bind.annotation
           -> Export-Package: javax.xml.bind.annotation; bundle-symbolic-name="jakarta.xml.bind-api"; bundle-version="2.3.3"; version="2.3.3"; uses:="javax.xml.bind,javax.xml.parsers,javax.xml.transform,javax.xml.transform.dom,org.w3c.dom"
              jakarta.xml.bind-api [6]
                Unresolved requirement: Import-Package: javax.activation
         Unresolved requirement: Import-Package: javax.xml.bind.annotation.adapters
           -> Export-Package: javax.xml.bind.annotation.adapters; bundle-symbolic-name="jakarta.xml.bind-api"; bundle-version="2.3.3"; version="2.3.3"
  Unresolved requirement: Import-Package: javax.ws.rs.client; version="[2.1.0,3.0.0)"
    -> Export-Package: javax.ws.rs.client; bundle-symbolic-name="org.apache.aries.javax.jax.rs-api"; bundle-version="1.0.4"; version="2.1.0"; uses:="javax.net.ssl,javax.ws.rs,javax.ws.rs.core"

Could not resolve module: org.apache.cxf.cxf-rt-security [15]
  Unresolved requirement: Import-Package: org.apache.cxf.common.classloader; version="[3.4.0,4.0.0)"
    -> Export-Package: org.apache.cxf.common.classloader; bundle-symbolic-name="org.apache.cxf.cxf-core"; bundle-version="3.4.3"; version="3.4.3"
       org.apache.cxf.cxf-core [11]
         Unresolved requirement: Import-Package: com.sun.msv.grammar; version="[2013.6.0,2014.0.0)"; resolution:="optional"
         Unresolved requirement: Import-Package: com.sun.msv.grammar.xmlschema; version="[2013.6.0,2014.0.0)"; resolution:="optional"
         Unresolved requirement: Import-Package: com.sun.msv.reader; version="[2013.6.0,2014.0.0)"; resolution:="optional"
         Unresolved requirement: Import-Package: com.sun.msv.reader.xmlschema; version="[2013.6.0,2014.0.0)"; resolution:="optional"
         Unresolved requirement: Import-Package: com.sun.tools.internal.xjc.api; resolution:="optional"
         Unresolved requirement: Import-Package: com.sun.xml.internal.messaging.saaj.soap; resolution:="optional"
         Unresolved requirement: Import-Package: com.sun.xml.messaging.saaj.soap; resolution:="optional"
         Unresolved requirement: Import-Package: javax.activation; version="[0.0.0,2.0.0)"
         Unresolved requirement: Import-Package: com.sun.tools.xjc.api; resolution:="optional"
           -> Export-Package: com.sun.tools.xjc.api; bundle-symbolic-name="com.sun.xml.bind.jaxb-osgi"; bundle-version="2.3.3"; version="2.3.3"; uses:="com.sun.codemodel,com.sun.tools.xjc,com.sun.xml.bind.api,javax.annotation.processing,javax.lang.model.element,javax.lang.model.type,javax.xml.bind,javax.xml.namespace,javax.xml.stream,javax.xml.transform,org.w3c.dom,org.xml.sax"
              com.sun.xml.bind.jaxb-osgi [5]
                Unresolved requirement: Import-Package: javax.xml.bind; version="2.3.0"
                  -> Export-Package: javax.xml.bind; bundle-symbolic-name="jakarta.xml.bind-api"; bundle-version="2.3.3"; version="2.3.3"; uses:="javax.xml.bind.annotation.adapters,javax.xml.bind.attachment,javax.xml.namespace,javax.xml.stream,javax.xml.transform,javax.xml.validation,org.w3c.dom,org.xml.sax"
                     jakarta.xml.bind-api [6]
                       Unresolved requirement: Import-Package: javax.activation
                Unresolved requirement: Import-Package: javax.xml.bind.annotation; version="2.3.0"
                  -> Export-Package: javax.xml.bind.annotation; bundle-symbolic-name="jakarta.xml.bind-api"; bundle-version="2.3.3"; version="2.3.3"; uses:="javax.xml.bind,javax.xml.parsers,javax.xml.transform,javax.xml.transform.dom,org.w3c.dom"
         Unresolved requirement: Import-Package: com.sun.xml.bind.marshaller; version="[2.3.0,3.0.0)"; resolution:="optional"
           -> Export-Package: com.sun.xml.bind.marshaller; bundle-symbolic-name="com.sun.xml.bind.jaxb-osgi"; bundle-version="2.3.3"; version="2.3.3"; uses:="javax.xml.parsers,org.w3c.dom,org.xml.sax,org.xml.sax.helpers"
         Unresolved requirement: Import-Package: com.sun.xml.bind.api; version="[2.3.0,3.0.0)"; resolution:="optional"
           -> Export-Package: com.sun.xml.bind.api; bundle-symbolic-name="com.sun.xml.bind.jaxb-osgi"; bundle-version="2.3.3"; version="2.3.3"; uses:="com.sun.xml.bind.v2.model.annotation,com.sun.xml.bind.v2.model.runtime,com.sun.xml.bind.v2.runtime,javax.xml.bind,javax.xml.bind.attachment,javax.xml.namespace,javax.xml.stream,javax.xml.transform,org.w3c.dom,org.xml.sax"
         Unresolved requirement: Import-Package: com.sun.xml.fastinfoset.stax; version="[1.2.0,2.0.0)"; resolution:="optional"
           -> Export-Package: com.sun.xml.fastinfoset.stax; bundle-symbolic-name="com.sun.xml.bind.jaxb-osgi"; bundle-version="2.3.3"; version="1.2.18"; uses:="com.sun.xml.fastinfoset,com.sun.xml.fastinfoset.sax,com.sun.xml.fastinfoset.util,javax.xml.namespace,javax.xml.stream,org.jvnet.fastinfoset,org.jvnet.fastinfoset.stax"
  Unresolved requirement: Import-Package: org.apache.cxf; version="[3.4.0,4.0.0)"
    -> Export-Package: org.apache.cxf; bundle-symbolic-name="org.apache.cxf.cxf-core"; bundle-version="3.4.3"; version="3.4.3"

Could not resolve module: org.apache.cxf.cxf-rt-transports-http [16]
  Unresolved requirement: Import-Package: com.sun.activation.registries; version="[1.2.0,2.0.0)"; resolution:="optional"
  Unresolved requirement: Import-Package: javax.activation; version="[0.0.0,2.0.0)"

Could not resolve module: org.osgi.service.jaxrs [24]
  Unresolved requirement: Import-Package: javax.ws.rs.core
    -> Export-Package: javax.ws.rs.core; bundle-symbolic-name="org.apache.aries.javax.jax.rs-api"; bundle-version="1.0.4"; version="2.1.0"; uses:="javax.ws.rs,javax.xml.bind.annotation,javax.xml.bind.annotation.adapters,javax.xml.namespace"
       org.apache.aries.javax.jax.rs-api [8]
         Unresolved requirement: Import-Package: org.apache.geronimo.osgi.registry.api; resolution:="optional"
         Unresolved requirement: Import-Package: javax.xml.bind.annotation
           -> Export-Package: javax.xml.bind.annotation; bundle-symbolic-name="jakarta.xml.bind-api"; bundle-version="2.3.3"; version="2.3.3"; uses:="javax.xml.bind,javax.xml.parsers,javax.xml.transform,javax.xml.transform.dom,org.w3c.dom"
              jakarta.xml.bind-api [6]
                Unresolved requirement: Import-Package: javax.activation
         Unresolved requirement: Import-Package: javax.xml.bind.annotation.adapters
           -> Export-Package: javax.xml.bind.annotation.adapters; bundle-symbolic-name="jakarta.xml.bind-api"; bundle-version="2.3.3"; version="2.3.3"
  Unresolved requirement: Import-Package: javax.ws.rs.client
    -> Export-Package: javax.ws.rs.client; bundle-symbolic-name="org.apache.aries.javax.jax.rs-api"; bundle-version="1.0.4"; version="2.1.0"; uses:="javax.net.ssl,javax.ws.rs,javax.ws.rs.core"

Could not resolve module: org.osgi.test.cases.jaxrs [25]
  Unresolved requirement: Import-Package: org.osgi.service.jaxrs.runtime.dto; version="[1.0.0,2.0.0)"
    -> Export-Package: org.osgi.service.jaxrs.runtime.dto; bundle-symbolic-name="org.osgi.service.jaxrs"; bundle-version="1.0.0.201802012106"; version="1.0.0"; uses:="org.osgi.dto,org.osgi.framework.dto"
       org.osgi.service.jaxrs [24]
         Unresolved requirement: Import-Package: javax.ws.rs.core
           -> Export-Package: javax.ws.rs.core; bundle-symbolic-name="org.apache.aries.javax.jax.rs-api"; bundle-version="1.0.4"; version="2.1.0"; uses:="javax.ws.rs,javax.xml.bind.annotation,javax.xml.bind.annotation.adapters,javax.xml.namespace"
              org.apache.aries.javax.jax.rs-api [8]
                Unresolved requirement: Import-Package: org.apache.geronimo.osgi.registry.api; resolution:="optional"
                Unresolved requirement: Import-Package: javax.xml.bind.annotation
                  -> Export-Package: javax.xml.bind.annotation; bundle-symbolic-name="jakarta.xml.bind-api"; bundle-version="2.3.3"; version="2.3.3"; uses:="javax.xml.bind,javax.xml.parsers,javax.xml.transform,javax.xml.transform.dom,org.w3c.dom"
                     jakarta.xml.bind-api [6]
                       Unresolved requirement: Import-Package: javax.activation
                Unresolved requirement: Import-Package: javax.xml.bind.annotation.adapters
                  -> Export-Package: javax.xml.bind.annotation.adapters; bundle-symbolic-name="jakarta.xml.bind-api"; bundle-version="2.3.3"; version="2.3.3"
         Unresolved requirement: Import-Package: javax.ws.rs.client
           -> Export-Package: javax.ws.rs.client; bundle-symbolic-name="org.apache.aries.javax.jax.rs-api"; bundle-version="1.0.4"; version="2.1.0"; uses:="javax.net.ssl,javax.ws.rs,javax.ws.rs.core"
  Unresolved requirement: Import-Package: org.osgi.service.jaxrs.runtime; version="[1.0.0,2.0.0)"
    -> Export-Package: org.osgi.service.jaxrs.runtime; bundle-symbolic-name="org.osgi.service.jaxrs"; bundle-version="1.0.0.201802012106"; version="1.0.0"; uses:="org.osgi.service.jaxrs.runtime.dto"

]]>
    </system-err>
  </testcase>
</testsuite>